\BOOKMARK [1][-]{Doc-Start}{\376\377\217\331\146\057\166\356\137\125}{}% 1
\BOOKMARK [1][-]{Doc-Start}{\376\377\217\331\146\057\143\322\126\376\166\356\137\125}{}% 2
\BOOKMARK [1][-]{Doc-Start}{\376\377\217\331\146\057\210\150\150\074\166\356\137\125}{}% 3
\BOOKMARK [1][-]{section.1}{\376\377\121\231\176\331\213\373\200\005\000*}{}% 4
\BOOKMARK [2][-]{subsection.1.1}{\376\377\116\300\116\110\146\057\000L\000a\000T\000e\000X}{section.1}% 5
\BOOKMARK [2][-]{subsection.1.2}{\376\377\000T\000e\000X\116\016\000L\000a\000T\000e\000X\166\204\117\030\177\072\160\271}{section.1}% 6
\BOOKMARK [2][-]{subsection.1.3}{\376\377\116\072\116\300\116\110\227\000\211\201\000L\000a\000T\000e\000X}{section.1}% 7
\BOOKMARK [2][-]{subsection.1.4}{\376\377\000M\000S\000\040\000W\000o\000r\000d\226\276\220\123\116\015\117\030\171\300\124\027}{section.1}% 8
\BOOKMARK [2][-]{subsection.1.5}{\376\377\000L\000a\000T\000e\000X\165\037\142\020\166\204\145\207\116\366\150\074\137\017}{section.1}% 9
\BOOKMARK [1][-]{section.2}{\376\377\000L\000a\000T\000e\000X\163\257\130\203\221\115\177\156}{}% 10
\BOOKMARK [2][-]{subsection.2.1}{\376\377\000L\000a\000T\000e\000X\166\204\117\177\165\050\145\271\154\325}{section.2}% 11
\BOOKMARK [3][-]{subsubsection.2.1.1}{\376\377\147\054\127\060\117\177\165\050\377\032\116\013\217\175\000L\000a\000T\000e\000X\123\321\210\114\162\110}{subsection.2.1}% 12
\BOOKMARK [3][-]{subsubsection.2.1.2}{\376\377\127\050\176\277\117\177\165\050\377\032\127\050\176\277\000L\000a\000T\000e\000X\177\121\172\331}{subsection.2.1}% 13
\BOOKMARK [2][-]{subsection.2.2}{\376\377\000T\000e\000X\000L\000i\000v\000e\166\204\133\211\210\305}{section.2}% 14
\BOOKMARK [2][-]{subsection.2.3}{\376\377\000T\000e\000X\000L\000i\000v\000e\147\054\127\060\133\217\123\005\166\204\173\241\164\006\000*}{section.2}% 15
\BOOKMARK [2][-]{subsection.2.4}{\376\377\000T\000e\000X\000S\000t\000u\000d\000i\000o\166\204\133\211\210\305\116\016\221\115\177\156}{section.2}% 16
\BOOKMARK [2][-]{subsection.2.5}{\376\377\000T\000e\000X\000L\000i\000v\000e\166\204\121\166\116\326\117\177\165\050\140\305\121\265}{section.2}% 17
\BOOKMARK [3][-]{subsubsection.2.5.1}{\376\377\123\170\217\175\000T\000e\000X\000L\000i\000v\000e}{subsection.2.5}% 18
\BOOKMARK [3][-]{subsubsection.2.5.2}{\376\377\146\364\145\260\000T\000e\000X\000L\000i\000v\000e}{subsection.2.5}% 19
\BOOKMARK [3][-]{subsubsection.2.5.3}{\376\377\146\364\137\353\166\204\000X\000e\000L\000a\000T\000e\000X\000\040\177\026\213\321\220\037\136\246\000*}{subsection.2.5}% 20
\BOOKMARK [2][-]{subsection.2.6}{\376\377\177\026\213\321\145\207\150\143}{section.2}% 21
\BOOKMARK [3][-]{subsubsection.2.6.1}{\376\377\134\035\213\325\173\054\116\000\116\375\145\207\172\077}{subsection.2.6}% 22
\BOOKMARK [3][-]{subsubsection.2.6.2}{\376\377\225\031\213\357\166\204\143\222\147\345}{subsection.2.6}% 23
\BOOKMARK [3][-]{subsubsection.2.6.3}{\376\377\000T\000e\000X\136\056\122\251\215\104\156\220}{subsection.2.6}% 24
\BOOKMARK [3][-]{subsubsection.2.6.4}{\376\377\000T\000e\000X\133\236\165\050\135\345\121\167}{subsection.2.6}% 25
\BOOKMARK [1][-]{section.3}{\376\377\000L\000a\000T\000e\000X\127\372\170\100}{}% 26
\BOOKMARK [2][-]{subsection.3.1}{\376\377\213\244\213\306\000L\000a\000T\000e\000X}{section.3}% 27
\BOOKMARK [3][-]{subsubsection.3.1.1}{\376\377\124\175\116\344\116\016\163\257\130\203}{subsection.3.1}% 28
\BOOKMARK [3][-]{subsubsection.3.1.2}{\376\377\117\335\165\131\133\127\173\046}{subsection.3.1}% 29
\BOOKMARK [3][-]{subsubsection.3.1.3}{\376\377\133\374\212\000\123\072}{subsection.3.1}% 30
\BOOKMARK [3][-]{subsubsection.3.1.4}{\376\377\145\207\116\366\217\223\121\372}{subsection.3.1}% 31
\BOOKMARK [2][-]{subsection.3.2}{\376\377\150\007\160\271\116\016\137\072\214\003}{section.3}% 32
\BOOKMARK [3][-]{subsubsection.3.2.1}{\376\377\137\025\123\367}{subsection.3.2}% 33
\BOOKMARK [3][-]{subsubsection.3.2.2}{\376\377\167\355\152\052\060\001\167\001\165\145\123\367\116\016\170\064\142\230\123\367}{subsection.3.2}% 34
\BOOKMARK [3][-]{subsubsection.3.2.3}{\376\377\137\072\214\003\377\032\174\227\116\016\145\234}{subsection.3.2}% 35
\BOOKMARK [3][-]{subsubsection.3.2.4}{\376\377\116\013\122\022\176\277\124\214\122\040\226\144\176\277}{subsection.3.2}% 36
\BOOKMARK [3][-]{subsubsection.3.2.5}{\376\377\121\166\116\326}{subsection.3.2}% 37
\BOOKMARK [2][-]{subsection.3.3}{\376\377\150\074\137\017\143\247\122\066}{section.3}% 38
\BOOKMARK [3][-]{subsubsection.3.3.1}{\376\377\172\172\150\074\060\001\143\142\210\114\116\016\122\006\153\265}{subsection.3.3}% 39
\BOOKMARK [3][-]{subsubsection.3.3.2}{\376\377\122\006\230\165}{subsection.3.3}% 40
\BOOKMARK [3][-]{subsubsection.3.3.3}{\376\377\177\051\217\333\060\001\133\371\237\120\116\016\210\114\215\335}{subsection.3.3}% 41
\BOOKMARK [2][-]{subsection.3.4}{\376\377\133\127\117\123\116\016\230\234\202\162}{section.3}% 42
\BOOKMARK [3][-]{subsubsection.3.4.1}{\376\377\133\127\145\317\060\001\133\127\174\373\116\016\133\127\137\142}{subsection.3.4}% 43
\BOOKMARK [3][-]{subsubsection.3.4.2}{\376\377\116\055\211\177\145\207\040\034\145\234\117\123\040\035}{subsection.3.4}% 44
\BOOKMARK [3][-]{subsubsection.3.4.3}{\376\377\123\237\165\037\133\127\117\123\124\175\116\344}{subsection.3.4}% 45
\BOOKMARK [3][-]{subsubsection.3.4.4}{\376\377\211\177\145\207\133\127\117\123}{subsection.3.4}% 46
\BOOKMARK [3][-]{subsubsection.3.4.5}{\376\377\116\055\145\207\145\057\143\001\116\016\000C\000J\000K\133\127\117\123}{subsection.3.4}% 47
\BOOKMARK [3][-]{subsubsection.3.4.6}{\376\377\230\234\202\162}{subsection.3.4}% 48
\BOOKMARK [2][-]{subsection.3.5}{\376\377\137\025\165\050\116\016\154\350\221\312}{section.3}% 49
\BOOKMARK [3][-]{subsubsection.3.5.1}{\376\377\150\007\173\176\124\214\137\025\165\050}{subsection.3.5}% 50
\BOOKMARK [3][-]{subsubsection.3.5.2}{\376\377\201\032\154\350\060\001\217\271\154\350\116\016\134\076\154\350\000T\000h\000i\000s\000\040\000i\000s\000\040\000a\000\040\000f\000o\000o\000t\000n\000o\000t\000e\000\040\000i\000n\000\040\000t\000h\000e\000\040\000s\000u\000b\000s\000u\000b\000s\000e\000c\000t\000i\000o\000n\000.}{subsection.3.5}% 51
\BOOKMARK [3][-]{subsubsection.3.5.3}{\376\377\143\364\137\025\163\257\130\203}{subsection.3.5}% 52
\BOOKMARK [3][-]{subsubsection.3.5.4}{\376\377\144\130\211\201}{subsection.3.5}% 53
\BOOKMARK [3][-]{subsubsection.3.5.5}{\376\377\123\302\200\003\145\207\163\056}{subsection.3.5}% 54
\BOOKMARK [2][-]{subsection.3.6}{\376\377\153\143\137\017\143\222\162\110\377\032\134\001\227\142\060\001\131\047\176\262\116\016\166\356\137\125}{section.3}% 55
\BOOKMARK [3][-]{subsubsection.3.6.1}{\376\377\134\001\227\142}{subsection.3.6}% 56
\BOOKMARK [3][-]{subsubsection.3.6.2}{\376\377\131\047\176\262\116\016\172\340\202\202}{subsection.3.6}% 57
\BOOKMARK [3][-]{subsubsection.3.6.3}{\376\377\166\356\137\125}{subsection.3.6}% 58
\BOOKMARK [2][-]{subsection.3.7}{\376\377\213\241\145\160\126\150\116\016\122\027\210\150}{section.3}% 59
\BOOKMARK [3][-]{subsubsection.3.7.1}{\376\377\213\241\145\160\126\150}{subsection.3.7}% 60
\BOOKMARK [3][-]{subsubsection.3.7.2}{\376\377\122\027\210\150}{subsection.3.7}% 61
\BOOKMARK [2][-]{subsection.3.8}{\376\377\155\156\122\250\117\123\116\016\126\376\210\150}{section.3}% 62
\BOOKMARK [3][-]{subsubsection.3.8.1}{\376\377\155\156\122\250\117\123}{subsection.3.8}% 63
\BOOKMARK [3][-]{subsubsection.3.8.2}{\376\377\126\376\162\107}{subsection.3.8}% 64
\BOOKMARK [3][-]{subsubsection.3.8.3}{\376\377\210\150\150\074}{subsection.3.8}% 65
\BOOKMARK [3][-]{subsubsection.3.8.4}{\376\377\227\136\155\156\122\250\117\123\126\376\150\007\124\214\136\166\122\027\126\376\210\150}{subsection.3.8}% 66
\BOOKMARK [2][-]{subsection.3.9}{\376\377\230\165\227\142\213\276\177\156}{section.3}% 67
\BOOKMARK [3][-]{subsubsection.3.9.1}{\376\377\176\270\137\040\060\001\145\271\124\021\124\214\217\271\215\335}{subsection.3.9}% 68
\BOOKMARK [3][-]{subsubsection.3.9.2}{\376\377\230\165\167\011\124\214\230\165\201\032}{subsection.3.9}% 69
\BOOKMARK [2][-]{subsection.3.10}{\376\377\142\204\137\125\116\016\116\343\170\001\163\257\130\203}{section.3}% 70
\BOOKMARK [2][-]{subsection.3.11}{\376\377\122\006\150\017}{section.3}% 71
\BOOKMARK [2][-]{subsection.3.12}{\376\377\145\207\150\143\142\306\122\006}{section.3}% 72
\BOOKMARK [2][-]{subsection.3.13}{\376\377\211\177\145\207\143\222\162\110\123\312\121\166\116\326}{section.3}% 73
\BOOKMARK [3][-]{subsubsection.3.13.1}{\376\377\217\336\121\231}{subsection.3.13}% 74
\BOOKMARK [3][-]{subsubsection.3.13.2}{\376\377\145\255\213\315}{subsection.3.13}% 75
\BOOKMARK [3][-]{subsubsection.3.13.3}{\376\377\170\154\172\172\150\074\116\016\123\345\147\053\150\007\160\271}{subsection.3.13}% 76
\BOOKMARK [3][-]{subsubsection.3.13.4}{\376\377\162\171\153\212\173\046\123\367}{subsection.3.13}% 77
\BOOKMARK [1][-]{section.4}{\376\377\145\160\133\146\143\222\162\110}{}% 78
\BOOKMARK [1][-]{section.5}{\376\377\000L\000a\000T\000e\000X\217\333\226\066}{}% 79
\BOOKMARK [2][-]{subsection.5.1}{\376\377\201\352\133\232\116\111\124\175\116\344\116\016\163\257\130\203}{section.5}% 80
\BOOKMARK [2][-]{subsection.5.2}{\376\377\173\261\133\120\377\032\143\222\162\110\166\204\127\372\170\100}{section.5}% 81
\BOOKMARK [3][-]{subsubsection.5.2.1}{\376\377\145\340\150\106\173\261\133\120}{subsection.5.2}% 82
\BOOKMARK [3][-]{subsubsection.5.2.2}{\376\377\122\240\150\106\173\261\133\120}{subsection.5.2}% 83
\BOOKMARK [3][-]{subsubsection.5.2.3}{\376\377\172\326\166\364\123\107\226\115\166\204\173\261\133\120}{subsection.5.2}% 84
\BOOKMARK [3][-]{subsubsection.5.2.4}{\376\377\153\265\204\075\173\261\133\120}{subsection.5.2}% 85
\BOOKMARK [3][-]{subsubsection.5.2.5}{\376\377\177\051\145\076\173\261\133\120}{subsection.5.2}% 86
\BOOKMARK [3][-]{subsubsection.5.2.6}{\376\377\150\007\134\072\173\261\133\120}{subsection.5.2}% 87
\BOOKMARK [3][-]{subsubsection.5.2.7}{\376\377\211\206\166\326\173\261\133\120}{subsection.5.2}% 88
\BOOKMARK [3][-]{subsubsection.5.2.8}{\376\377\145\313\217\154\173\261\133\120}{subsection.5.2}% 89
\BOOKMARK [3][-]{subsubsection.5.2.9}{\376\377\230\234\202\162\173\261\133\120}{subsection.5.2}% 90
\BOOKMARK [2][-]{subsection.5.3}{\376\377\131\015\147\102\215\335\171\273}{section.5}% 91
\BOOKMARK [3][-]{subsubsection.5.3.1}{\376\377\154\064\136\163\124\214\172\326\166\364\215\335\171\273}{subsection.5.3}% 92
\BOOKMARK [3][-]{subsubsection.5.3.2}{\376\377\130\153\121\105\215\335\171\273\116\016\137\071\140\047\215\335\171\273}{subsection.5.3}% 93
\BOOKMARK [3][-]{subsubsection.5.3.3}{\376\377\210\114\215\335}{subsection.5.3}% 94
\BOOKMARK [3][-]{subsubsection.5.3.4}{\376\377\122\066\210\150\117\115\000*}{subsection.5.3}% 95
\BOOKMARK [3][-]{subsubsection.5.3.5}{\376\377\140\254\143\002\177\051\217\333\000*}{subsection.5.3}% 96
\BOOKMARK [3][-]{subsubsection.5.3.6}{\376\377\145\164\153\265\177\051\217\333\000*}{subsection.5.3}% 97
\BOOKMARK [2][-]{subsection.5.4}{\376\377\201\352\133\232\116\111\172\340\202\202\150\067\137\017}{section.5}% 98
\BOOKMARK [2][-]{subsection.5.5}{\376\377\201\352\133\232\116\111\166\356\137\125\150\067\137\017}{section.5}% 99
\BOOKMARK [2][-]{subsection.5.6}{\376\377\201\352\133\232\116\111\126\376\210\150}{section.5}% 100
\BOOKMARK [3][-]{subsubsection.5.6.1}{\376\377\225\177\210\150\150\074}{subsection.5.6}% 101
\BOOKMARK [3][-]{subsubsection.5.6.2}{\376\377\116\011\176\277\210\150}{subsection.5.6}% 102
\BOOKMARK [3][-]{subsubsection.5.6.3}{\376\377\137\151\202\162\210\150\150\074}{subsection.5.6}% 103
\BOOKMARK [3][-]{subsubsection.5.6.4}{\376\377\133\120\126\376\210\150}{subsection.5.6}% 104
\BOOKMARK [3][-]{subsubsection.5.6.5}{\376\377\000G\000I\000F\122\250\140\001\126\376}{subsection.5.6}% 105
\BOOKMARK [2][-]{subsection.5.7}{\376\377\201\352\133\232\116\111\177\026\123\367\122\027\210\150}{section.5}% 106
\BOOKMARK [2][-]{subsection.5.8}{\376\377\000B\000i\000b\000T\000e\000X\123\302\200\003\145\207\163\056}{section.5}% 107
\BOOKMARK [2][-]{subsection.5.9}{\376\377\175\042\137\025}{section.5}% 108
\BOOKMARK [2][-]{subsection.5.10}{\376\377\121\154\137\017\116\016\126\376\210\150\177\026\123\367\150\067\137\017}{section.5}% 109
\BOOKMARK [2][-]{subsection.5.11}{\376\377\226\104\137\125}{section.5}% 110
\BOOKMARK [2][-]{subsection.5.12}{\376\377\201\352\133\232\116\111\155\156\122\250\117\123\000*}{section.5}% 111
\BOOKMARK [2][-]{subsection.5.13}{\376\377\177\026\172\013\116\343\170\001\116\016\210\114\123\367}{section.5}% 112
