This is XeTeX, Version 3.141592653-2.6-0.999996 (TeX Live 2024) (preloaded format=xelatex 2024.9.6)  8 SEP 2024 14:43
entering extended mode
 restricted \write18 enabled.
 file:line:error style messages enabled.
 %&-line parsing enabled.
**Enumitem
(./Enumitem.tex
LaTeX2e <2024-06-01> patch level 2
L3 programming layer <2024-08-16>
(c:/texlive/2024/texmf-dist/tex/latex/base/article.cls
Document Class: article 2024/02/08 v1.4n Standard LaTeX document class
(c:/texlive/2024/texmf-dist/tex/latex/base/size10.clo
File: size10.clo 2024/02/08 v1.4n Standard LaTeX file (size option)
)
\c@part=\count190
\c@section=\count191
\c@subsection=\count192
\c@subsubsection=\count193
\c@paragraph=\count194
\c@subparagraph=\count195
\c@figure=\count196
\c@table=\count197
\abovecaptionskip=\skip49
\belowcaptionskip=\skip50
\bibindent=\dimen141
) (c:/texlive/2024/texmf-dist/tex/latex/ctex/ctex.sty (c:/texlive/2024/texmf-dist/tex/latex/l3kernel/expl3.sty
Package: expl3 2024-08-16 L3 programming layer (loader) 
 (c:/texlive/2024/texmf-dist/tex/latex/l3backend/l3backend-xetex.def
File: l3backend-xetex.def 2024-05-08 L3 backend support: XeTeX
\g__graphics_track_int=\count198
\l__pdf_internal_box=\box52
\g__pdf_backend_annotation_int=\count199
\g__pdf_backend_link_int=\count266
))
Package: ctex 2022/07/14 v2.5.10 Chinese adapter in LaTeX (CTEX)
 (c:/texlive/2024/texmf-dist/tex/latex/ctex/ctexhook.sty
Package: ctexhook 2022/07/14 v2.5.10 Document and package hooks (CTEX)
) (c:/texlive/2024/texmf-dist/tex/latex/ctex/ctexpatch.sty
Package: ctexpatch 2022/07/14 v2.5.10 Patching commands (CTEX)
) (c:/texlive/2024/texmf-dist/tex/latex/base/fix-cm.sty
Package: fix-cm 2020/11/24 v1.1t fixes to LaTeX
 (c:/texlive/2024/texmf-dist/tex/latex/base/ts1enc.def
File: ts1enc.def 2001/06/05 v3.0e (jk/car/fm) Standard LaTeX file
LaTeX Font Info:    Redeclaring font encoding TS1 on input line 47.
))
\l__ctex_tmp_int=\count267
\l__ctex_tmp_box=\box53
\l__ctex_tmp_dim=\dimen142
\g__ctex_section_depth_int=\count268
\g__ctex_font_size_int=\count269
 (c:/texlive/2024/texmf-dist/tex/latex/ctex/config/ctexopts.cfg
File: ctexopts.cfg 2022/07/14 v2.5.10 Option configuration file (CTEX)
) (c:/texlive/2024/texmf-dist/tex/latex/ctex/engine/ctex-engine-xetex.def
File: ctex-engine-xetex.def 2022/07/14 v2.5.10 XeLaTeX adapter (CTEX)
 (c:/texlive/2024/texmf-dist/tex/xelatex/xecjk/xeCJK.sty
Package: xeCJK 2022/08/05 v3.9.1 Typesetting CJK scripts with XeLaTeX
 (c:/texlive/2024/texmf-dist/tex/latex/l3packages/xtemplate/xtemplate.sty
Package: xtemplate 2024-08-16 L3 Experimental prototype document functions
)
\l__xeCJK_tmp_int=\count270
\l__xeCJK_tmp_box=\box54
\l__xeCJK_tmp_dim=\dimen143
\l__xeCJK_tmp_skip=\skip51
\g__xeCJK_space_factor_int=\count271
\l__xeCJK_begin_int=\count272
\l__xeCJK_end_int=\count273
\c__xeCJK_CJK_class_int=\XeTeXcharclass1
\c__xeCJK_FullLeft_class_int=\XeTeXcharclass2
\c__xeCJK_FullRight_class_int=\XeTeXcharclass3
\c__xeCJK_HalfLeft_class_int=\XeTeXcharclass4
\c__xeCJK_HalfRight_class_int=\XeTeXcharclass5
\c__xeCJK_NormalSpace_class_int=\XeTeXcharclass6
\c__xeCJK_CM_class_int=\XeTeXcharclass7
\c__xeCJK_HangulJamo_class_int=\XeTeXcharclass8
\l__xeCJK_last_skip=\skip52
\c__xeCJK_none_node=\count274
\g__xeCJK_node_int=\count275
\c__xeCJK_CJK_node_dim=\dimen144
\c__xeCJK_CJK-space_node_dim=\dimen145
\c__xeCJK_default_node_dim=\dimen146
\c__xeCJK_CJK-widow_node_dim=\dimen147
\c__xeCJK_normalspace_node_dim=\dimen148
\c__xeCJK_default-space_node_skip=\skip53
\l__xeCJK_ccglue_skip=\skip54
\l__xeCJK_ecglue_skip=\skip55
\l__xeCJK_punct_kern_skip=\skip56
\l__xeCJK_indent_box=\box55
\l__xeCJK_last_penalty_int=\count276
\l__xeCJK_last_bound_dim=\dimen149
\l__xeCJK_last_kern_dim=\dimen150
\l__xeCJK_widow_penalty_int=\count277

LaTeX template Info: Declaring template type 'xeCJK/punctuation' taking 0
(template)           argument(s) on line 2396.

\l__xeCJK_fixed_punct_width_dim=\dimen151
\l__xeCJK_mixed_punct_width_dim=\dimen152
\l__xeCJK_middle_punct_width_dim=\dimen153
\l__xeCJK_fixed_margin_width_dim=\dimen154
\l__xeCJK_mixed_margin_width_dim=\dimen155
\l__xeCJK_middle_margin_width_dim=\dimen156
\l__xeCJK_bound_punct_width_dim=\dimen157
\l__xeCJK_bound_margin_width_dim=\dimen158
\l__xeCJK_margin_minimum_dim=\dimen159
\l__xeCJK_kerning_total_width_dim=\dimen160
\l__xeCJK_same_align_margin_dim=\dimen161
\l__xeCJK_different_align_margin_dim=\dimen162
\l__xeCJK_kerning_margin_width_dim=\dimen163
\l__xeCJK_kerning_margin_minimum_dim=\dimen164
\l__xeCJK_bound_dim=\dimen165
\l__xeCJK_reverse_bound_dim=\dimen166
\l__xeCJK_margin_dim=\dimen167
\l__xeCJK_minimum_bound_dim=\dimen168
\l__xeCJK_kerning_margin_dim=\dimen169
\g__xeCJK_family_int=\count278
\l__xeCJK_fam_int=\count279
\g__xeCJK_fam_allocation_int=\count280
\l__xeCJK_verb_case_int=\count281
\l__xeCJK_verb_exspace_skip=\skip57
 (c:/texlive/2024/texmf-dist/tex/latex/fontspec/fontspec.sty (c:/texlive/2024/texmf-dist/tex/latex/l3packages/xparse/xparse.sty
Package: xparse 2024-08-16 L3 Experimental document command parser
)
Package: fontspec 2024/05/11 v2.9e Font selection for XeLaTeX and LuaLaTeX
 (c:/texlive/2024/texmf-dist/tex/latex/fontspec/fontspec-xetex.sty
Package: fontspec-xetex 2024/05/11 v2.9e Font selection for XeLaTeX and LuaLaTeX
\l__fontspec_script_int=\count282
\l__fontspec_language_int=\count283
\l__fontspec_strnum_int=\count284
\l__fontspec_tmp_int=\count285
\l__fontspec_tmpa_int=\count286
\l__fontspec_tmpb_int=\count287
\l__fontspec_tmpc_int=\count288
\l__fontspec_em_int=\count289
\l__fontspec_emdef_int=\count290
\l__fontspec_strong_int=\count291
\l__fontspec_strongdef_int=\count292
\l__fontspec_tmpa_dim=\dimen170
\l__fontspec_tmpb_dim=\dimen171
\l__fontspec_tmpc_dim=\dimen172
 (c:/texlive/2024/texmf-dist/tex/latex/base/fontenc.sty
Package: fontenc 2021/04/29 v2.0v Standard LaTeX package
) (c:/texlive/2024/texmf-dist/tex/latex/fontspec/fontspec.cfg))) (c:/texlive/2024/texmf-dist/tex/xelatex/xecjk/xeCJK.cfg
File: xeCJK.cfg 2022/08/05 v3.9.1 Configuration file for xeCJK package
))
\ccwd=\dimen173
\l__ctex_ccglue_skip=\skip58
)
\l__ctex_ziju_dim=\dimen174
 (c:/texlive/2024/texmf-dist/tex/latex/zhnumber/zhnumber.sty
Package: zhnumber 2022/07/14 v3.0 Typesetting numbers with Chinese glyphs
\l__zhnum_scale_int=\count293
\l__zhnum_tmp_int=\count294
 (c:/texlive/2024/texmf-dist/tex/latex/zhnumber/zhnumber-utf8.cfg
File: zhnumber-utf8.cfg 2022/07/14 v3.0 Chinese numerals with UTF8 encoding
)) (c:/texlive/2024/texmf-dist/tex/latex/ctex/scheme/ctex-scheme-chinese.def
File: ctex-scheme-chinese.def 2022/07/14 v2.5.10 Chinese scheme for generic (CTEX)
 (c:/texlive/2024/texmf-dist/tex/latex/ctex/config/ctex-name-utf8.cfg
File: ctex-name-utf8.cfg 2022/07/14 v2.5.10 Caption with encoding UTF-8 (CTEX)
)) (c:/texlive/2024/texmf-dist/tex/latex/tools/indentfirst.sty
Package: indentfirst 2023/07/02 v1.03 Indent first paragraph (DPC)
) (c:/texlive/2024/texmf-dist/tex/latex/ctex/ctex-c5size.clo
File: ctex-c5size.clo 2022/07/14 v2.5.10 c5size option (CTEX)
) (c:/texlive/2024/texmf-dist/tex/latex/ctex/fontset/ctex-fontset-windows.def
File: ctex-fontset-windows.def 2022/07/14 v2.5.10 Windows fonts definition (CTEX)

Package fontspec Info: 
(fontspec)             Could not resolve font "KaiTi/B" (it probably doesn't
(fontspec)             exist).


Package fontspec Info: 
(fontspec)             Could not resolve font "SimHei/I" (it probably doesn't
(fontspec)             exist).


Package fontspec Info: 
(fontspec)             Could not resolve font "SimSun/BI" (it probably doesn't
(fontspec)             exist).


Package fontspec Info: 
(fontspec)             Font family 'SimSun(0)' created for font 'SimSun' with
(fontspec)             options
(fontspec)             [Script={CJK},BoldFont={SimHei},ItalicFont={KaiTi}].
(fontspec)              
(fontspec)              This font family consists of the following NFSS
(fontspec)             series/shapes:
(fontspec)              
(fontspec)             - 'normal' (m/n) with NFSS spec.:
(fontspec)             <->"SimSun/OT:script=hani;language=dflt;"
(fontspec)             - 'bold' (b/n) with NFSS spec.:
(fontspec)             <->"SimHei/OT:script=hani;language=dflt;"
(fontspec)             - 'italic' (m/it) with NFSS spec.:
(fontspec)             <->"KaiTi/OT:script=hani;language=dflt;"

)) (c:/texlive/2024/texmf-dist/tex/latex/ctex/config/ctex.cfg
File: ctex.cfg 2022/07/14 v2.5.10 Configuration file (CTEX)
) (c:/texlive/2024/texmf-dist/tex/latex/enumitem/enumitem.sty
Package: enumitem 2019/06/20 v3.9 Customized lists
\enitkv@toks@=\toks17
\labelindent=\skip59
\enit@outerparindent=\dimen175
\enit@toks=\toks18
\enit@inbox=\box56
\enit@count@id=\count295
\enitdp@description=\count296
) (c:/texlive/2024/texmf-dist/tex/latex/blindtext/blindtext.sty
Package: blindtext 2012/01/06 V2.0 blindtext-Package
 (c:/texlive/2024/texmf-dist/tex/latex/tools/xspace.sty
Package: xspace 2014/10/28 v1.13 Space after command names (DPC,MH)
)
\c@blindtext=\count297
\c@Blindtext=\count298
\c@blind@countparstart=\count299
\blind@countxx=\count300
\blindtext@numBlindtext=\count301
\blind@countyy=\count302
\c@blindlist=\count303
\c@blindlistlevel=\count304
\c@blindlist@level=\count305
\blind@listitem=\count306
\c@blind@listcount=\count307
\c@blind@levelcount=\count308
\blind@mathformula=\count309
\blind@Mathformula=\count310
\c@blind@randomcount=\count311
\c@blind@randommax=\count312
\c@blind@pangramcount=\count313
\c@blind@pangrammax=\count314
) (c:/texlive/2024/texmf-dist/tex/latex/lipsum/lipsum.sty (c:/texlive/2024/texmf-dist/tex/latex/l3packages/l3keys2e/l3keys2e.sty
Package: l3keys2e 2024-08-16 LaTeX2e option processing using LaTeX3 keys
)
Package: lipsum 2021-09-20 v2.7 150 paragraphs of Lorem Ipsum dummy text
\g__lipsum_par_int=\count315
\l__lipsum_a_int=\count316
\l__lipsum_b_int=\count317
 (c:/texlive/2024/texmf-dist/tex/latex/lipsum/lipsum.ltd.tex)) (c:/texlive/2024/texmf-dist/tex/latex/geometry/geometry.sty
Package: geometry 2020/01/02 v5.9 Page Geometry
 (c:/texlive/2024/texmf-dist/tex/latex/graphics/keyval.sty
Package: keyval 2022/05/29 v1.15 key=value parser (DPC)
\KV@toks@=\toks19
) (c:/texlive/2024/texmf-dist/tex/generic/iftex/ifvtex.sty
Package: ifvtex 2019/10/25 v1.7 ifvtex legacy package. Use iftex instead.
 (c:/texlive/2024/texmf-dist/tex/generic/iftex/iftex.sty
Package: iftex 2022/02/03 v1.0f TeX engine tests
))
\Gm@cnth=\count318
\Gm@cntv=\count319
\c@Gm@tempcnt=\count320
\Gm@bindingoffset=\dimen176
\Gm@wd@mp=\dimen177
\Gm@odd@mp=\dimen178
\Gm@even@mp=\dimen179
\Gm@layoutwidth=\dimen180
\Gm@layoutheight=\dimen181
\Gm@layouthoffset=\dimen182
\Gm@layoutvoffset=\dimen183
\Gm@dimlist=\toks20
) (c:/texlive/2024/texmf-dist/tex/latex/booktabs/booktabs.sty
Package: booktabs 2020/01/12 v1.61803398 Publication quality tables
\heavyrulewidth=\dimen184
\lightrulewidth=\dimen185
\cmidrulewidth=\dimen186
\belowrulesep=\dimen187
\belowbottomsep=\dimen188
\aboverulesep=\dimen189
\abovetopsep=\dimen190
\cmidrulesep=\dimen191
\cmidrulekern=\dimen192
\defaultaddspace=\dimen193
\@cmidla=\count321
\@cmidlb=\count322
\@aboverulesep=\dimen194
\@belowrulesep=\dimen195
\@thisruleclass=\count323
\@lastruleclass=\count324
\@thisrulewidth=\dimen196
) (c:/texlive/2024/texmf-dist/tex/latex/xcolor/xcolor.sty
Package: xcolor 2023/11/15 v3.01 LaTeX color extensions (UK)
 (c:/texlive/2024/texmf-dist/tex/latex/graphics-cfg/color.cfg
File: color.cfg 2016/01/02 v1.6 sample color configuration
)
Package xcolor Info: Driver file: xetex.def on input line 274.
 (c:/texlive/2024/texmf-dist/tex/latex/graphics-def/xetex.def
File: xetex.def 2022/09/22 v5.0n Graphics/color driver for xetex
) (c:/texlive/2024/texmf-dist/tex/latex/graphics/mathcolor.ltx)
Package xcolor Info: Model `cmy' substituted by `cmy0' on input line 1350.
Package xcolor Info: Model `RGB' extended on input line 1366.
Package xcolor Info: Model `HTML' substituted by `rgb' on input line 1368.
Package xcolor Info: Model `Hsb' substituted by `hsb' on input line 1369.
Package xcolor Info: Model `tHsb' substituted by `hsb' on input line 1370.
Package xcolor Info: Model `HSB' substituted by `hsb' on input line 1371.
Package xcolor Info: Model `Gray' substituted by `gray' on input line 1372.
Package xcolor Info: Model `wave' substituted by `hsb' on input line 1373.
) (c:/texlive/2024/texmf-dist/tex/latex/colortbl/colortbl.sty
Package: colortbl 2024/07/06 v1.0i Color table columns (DPC)
 (c:/texlive/2024/texmf-dist/tex/latex/tools/array.sty
Package: array 2024/06/14 v2.6d Tabular extension package (FMi)
\col@sep=\dimen197
\ar@mcellbox=\box57
\extrarowheight=\dimen198
\NC@list=\toks21
\extratabsurround=\skip60
\backup@length=\skip61
\ar@cellbox=\box58
)
\everycr=\toks22
\minrowclearance=\skip62
\rownum=\count325
) (./Enumitem.aux)
\openout1 = `Enumitem.aux'.

LaTeX Font Info:    Checking defaults for OML/cmm/m/it on input line 25.
LaTeX Font Info:    ... okay on input line 25.
LaTeX Font Info:    Checking defaults for OMS/cmsy/m/n on input line 25.
LaTeX Font Info:    ... okay on input line 25.
LaTeX Font Info:    Checking defaults for OT1/cmr/m/n on input line 25.
LaTeX Font Info:    ... okay on input line 25.
LaTeX Font Info:    Checking defaults for T1/cmr/m/n on input line 25.
LaTeX Font Info:    ... okay on input line 25.
LaTeX Font Info:    Checking defaults for TS1/cmr/m/n on input line 25.
LaTeX Font Info:    ... okay on input line 25.
LaTeX Font Info:    Checking defaults for TU/lmr/m/n on input line 25.
LaTeX Font Info:    ... okay on input line 25.
LaTeX Font Info:    Checking defaults for OMX/cmex/m/n on input line 25.
LaTeX Font Info:    ... okay on input line 25.
LaTeX Font Info:    Checking defaults for U/cmr/m/n on input line 25.
LaTeX Font Info:    ... okay on input line 25.

Package fontspec Info: 
(fontspec)             Adjusting the maths setup (use [no-math] to avoid
(fontspec)             this).

\symlegacymaths=\mathgroup4
LaTeX Font Info:    Overwriting symbol font `legacymaths' in version `bold'
(Font)                  OT1/cmr/m/n --> OT1/cmr/bx/n on input line 25.
LaTeX Font Info:    Redeclaring math accent \acute on input line 25.
LaTeX Font Info:    Redeclaring math accent \grave on input line 25.
LaTeX Font Info:    Redeclaring math accent \ddot on input line 25.
LaTeX Font Info:    Redeclaring math accent \tilde on input line 25.
LaTeX Font Info:    Redeclaring math accent \bar on input line 25.
LaTeX Font Info:    Redeclaring math accent \breve on input line 25.
LaTeX Font Info:    Redeclaring math accent \check on input line 25.
LaTeX Font Info:    Redeclaring math accent \hat on input line 25.
LaTeX Font Info:    Redeclaring math accent \dot on input line 25.
LaTeX Font Info:    Redeclaring math accent \mathring on input line 25.
LaTeX Font Info:    Redeclaring math symbol \colon on input line 25.
LaTeX Font Info:    Redeclaring math symbol \Gamma on input line 25.
LaTeX Font Info:    Redeclaring math symbol \Delta on input line 25.
LaTeX Font Info:    Redeclaring math symbol \Theta on input line 25.
LaTeX Font Info:    Redeclaring math symbol \Lambda on input line 25.
LaTeX Font Info:    Redeclaring math symbol \Xi on input line 25.
LaTeX Font Info:    Redeclaring math symbol \Pi on input line 25.
LaTeX Font Info:    Redeclaring math symbol \Sigma on input line 25.
LaTeX Font Info:    Redeclaring math symbol \Upsilon on input line 25.
LaTeX Font Info:    Redeclaring math symbol \Phi on input line 25.
LaTeX Font Info:    Redeclaring math symbol \Psi on input line 25.
LaTeX Font Info:    Redeclaring math symbol \Omega on input line 25.
LaTeX Font Info:    Redeclaring math symbol \mathdollar on input line 25.
LaTeX Font Info:    Redeclaring symbol font `operators' on input line 25.
LaTeX Font Info:    Encoding `OT1' has changed to `TU' for symbol font
(Font)              `operators' in the math version `normal' on input line 25.
LaTeX Font Info:    Overwriting symbol font `operators' in version `normal'
(Font)                  OT1/cmr/m/n --> TU/lmr/m/n on input line 25.
LaTeX Font Info:    Encoding `OT1' has changed to `TU' for symbol font
(Font)              `operators' in the math version `bold' on input line 25.
LaTeX Font Info:    Overwriting symbol font `operators' in version `bold'
(Font)                  OT1/cmr/bx/n --> TU/lmr/m/n on input line 25.
LaTeX Font Info:    Overwriting symbol font `operators' in version `normal'
(Font)                  TU/lmr/m/n --> TU/lmr/m/n on input line 25.
LaTeX Font Info:    Overwriting math alphabet `\mathit' in version `normal'
(Font)                  OT1/cmr/m/it --> TU/lmr/m/it on input line 25.
LaTeX Font Info:    Overwriting math alphabet `\mathbf' in version `normal'
(Font)                  OT1/cmr/bx/n --> TU/lmr/b/n on input line 25.
LaTeX Font Info:    Overwriting math alphabet `\mathsf' in version `normal'
(Font)                  OT1/cmss/m/n --> TU/lmss/m/n on input line 25.
LaTeX Font Info:    Overwriting math alphabet `\mathtt' in version `normal'
(Font)                  OT1/cmtt/m/n --> TU/lmtt/m/n on input line 25.
LaTeX Font Info:    Overwriting symbol font `operators' in version `bold'
(Font)                  TU/lmr/m/n --> TU/lmr/b/n on input line 25.
LaTeX Font Info:    Overwriting math alphabet `\mathit' in version `bold'
(Font)                  OT1/cmr/bx/it --> TU/lmr/b/it on input line 25.
LaTeX Font Info:    Overwriting math alphabet `\mathsf' in version `bold'
(Font)                  OT1/cmss/bx/n --> TU/lmss/b/n on input line 25.
LaTeX Font Info:    Overwriting math alphabet `\mathtt' in version `bold'
(Font)                  OT1/cmtt/m/n --> TU/lmtt/b/n on input line 25.

*geometry* driver: auto-detecting
*geometry* detected driver: xetex
(c:/texlive/2024/texmf-dist/tex/latex/base/atbegshi-ltx.sty
Package: atbegshi-ltx 2021/01/10 v1.0c Emulation of the original atbegshi
package with kernel methods
)
*geometry* verbose mode - [ preamble ] result:
* driver: xetex
* paper: <default>
* layout: <same size as paper>
* layoutoffset:(h,v)=(0.0pt,0.0pt)
* modes: showframe 
* h-part:(L,W,R)=(92.14519pt, 430.00462pt, 92.14519pt)
* v-part:(T,H,B)=(95.39737pt, 556.47656pt, 143.09605pt)
* \paperwidth=614.295pt
* \paperheight=794.96999pt
* \textwidth=430.00462pt
* \textheight=556.47656pt
* \oddsidemargin=19.8752pt
* \evensidemargin=19.8752pt
* \topmargin=-13.87262pt
* \headheight=12.0pt
* \headsep=25.0pt
* \topskip=10.0pt
* \footskip=30.0pt
* \marginparwidth=65.0pt
* \marginparsep=11.0pt
* \columnsep=10.0pt
* \skip\footins=9.0pt plus 4.0pt minus 2.0pt
* \hoffset=0.0pt
* \voffset=0.0pt
* \mag=1000
* \@twocolumnfalse
* \@twosidefalse
* \@mparswitchfalse
* \@reversemarginfalse
* (1in=72.27pt=25.4mm, 1cm=28.453pt)



[1

]

[2]
Overfull \hbox (17.47675pt too wide) in paragraph at lines 211--213
[]\TU/lmr/m/n/10.53937 labelindent = 0.0pt, labelwidth = 16.99997pt, labelsep = 5.0pt, leftmargin = 21.99997pt,
 []


Overfull \hbox (4.88654pt too wide) in paragraph at lines 251--253
[]\TU/lmr/m/n/10.53937 labelindent = 0.0pt, labelwidth = 0.0pt, labelsep = 5.0pt, leftmargin = 18.69995pt,
 []

LaTeX Font Info:    External font `cmex10' loaded for size
(Font)              <10.53937> on input line 262.
LaTeX Font Info:    External font `cmex10' loaded for size
(Font)              <7> on input line 262.
LaTeX Font Info:    External font `cmex10' loaded for size
(Font)              <5> on input line 262.


[3]

Package fontspec Info: 
(fontspec)             Could not resolve font "FangSong/BI" (it probably
(fontspec)             doesn't exist).


Package fontspec Info: 
(fontspec)             Could not resolve font "FangSong/B" (it probably
(fontspec)             doesn't exist).


Package fontspec Info: 
(fontspec)             Could not resolve font "FangSong/I" (it probably
(fontspec)             doesn't exist).


Package fontspec Info: 
(fontspec)             Font family 'FangSong(0)' created for font 'FangSong'
(fontspec)             with options [Script={CJK}].
(fontspec)              
(fontspec)              This font family consists of the following NFSS
(fontspec)             series/shapes:
(fontspec)              
(fontspec)             - 'normal' (m/n) with NFSS spec.:
(fontspec)             <->"FangSong/OT:script=hani;language=dflt;"



[4]

[5]

[6]
Overfull \hbox (54.95227pt too wide) in paragraph at lines 478--478
[]\TU/lmr/bx/n/10.53937 AAAAAA  
 []


Overfull \hbox (34.48482pt too wide) in paragraph at lines 478--478
[]\TU/lmr/bx/n/10.53937 BBBB  
 []


Overfull \hbox (54.95227pt too wide) in paragraph at lines 479--479
[]\TU/lmr/bx/n/10.53937 AAAAAA  
 []


Overfull \hbox (34.48482pt too wide) in paragraph at lines 479--479
[]\TU/lmr/bx/n/10.53937 BBBB  
 []


Overfull \hbox (54.95227pt too wide) in paragraph at lines 485--485
[]\TU/lmr/bx/n/10.53937 AAAAAA  
 []


Overfull \hbox (34.48482pt too wide) in paragraph at lines 485--485
[]\TU/lmr/bx/n/10.53937 BBBB  
 []


Underfull \hbox (badness 10000) detected at line 491
[]|[][]
 []



[7]
Underfull \hbox (badness 10000) detected at line 493
[]|[][]
 []


Overfull \hbox (54.95227pt too wide) in paragraph at lines 499--499
[]\TU/lmr/bx/n/10.53937 AAAAAA  
 []


Overfull \hbox (34.48482pt too wide) in paragraph at lines 499--499
[]\TU/lmr/bx/n/10.53937 BBBB  
 []


Overfull \hbox (54.95227pt too wide) in paragraph at lines 506--506
[]\TU/lmr/bx/n/10.53937 AAAAAA  
 []


Overfull \hbox (34.48482pt too wide) in paragraph at lines 506--506
[]\TU/lmr/bx/n/10.53937 BBBB  
 []



[8]

[9]
Underfull \hbox (badness 10000) detected at line 618
[]|[][]
 []


Underfull \hbox (badness 10000) detected at line 619
[]|[][]
 []


Underfull \hbox (badness 10000) detected at line 624
[]|[][]
 []


Underfull \hbox (badness 10000) detected at line 625
[]|[][]
 []


Underfull \hbox (badness 10000) detected at line 630
[]|[][]
 []


Underfull \hbox (badness 10000) detected at line 631
[]|[][]
 []



[10]
Underfull \hbox (badness 10000) detected at line 636
[]|[][]
 []


Underfull \hbox (badness 10000) detected at line 637
[]|[][]
 []


Package enumitem Warning: Negative labelwidth. This does not make much
(enumitem)                sense, on input line 695.



[11]

Package enumitem Warning: Negative labelwidth. This does not make much
(enumitem)                sense, on input line 749.



[12]

Package enumitem Warning: Negative labelwidth. This does not make much
(enumitem)                sense, on input line 766.



[13]

Package enumitem Warning: Negative labelwidth. This does not make much
(enumitem)                sense, on input line 881.


Overfull \hbox (17.30046pt too wide) in paragraph at lines 883--884
[]\TU/lmr/m/n/10.53937 labelindent = 0.0pt, labelwidth = -12.30011pt, labelsep = 42.30011pt,
 []


Overfull \hbox (1.49074pt too wide) in paragraph at lines 903--904
[]\TU/lmr/m/n/10.53937 labelindent = 0.0pt, labelwidth = 12.59454pt, labelsep = 17.40546pt,
 []



[14]

Package enumitem Warning: Negative labelwidth. This does not make much
(enumitem)                sense, on input line 918.


Overfull \hbox (17.30046pt too wide) in paragraph at lines 920--921
[]\TU/lmr/m/n/10.53937 labelindent = 0.0pt, labelwidth = -12.30011pt, labelsep = 42.30011pt,
 []


Package enumitem Warning: Negative labelwidth. This does not make much
(enumitem)                sense, on input line 930.


Package enumitem Warning: Negative labelwidth. This does not make much
(enumitem)                sense, on input line 933.


Package enumitem Warning: Negative labelwidth. This does not make much
(enumitem)                sense, on input line 936.


Package enumitem Warning: Negative labelwidth. This does not make much
(enumitem)                sense, on input line 939.



[15]

[16]

[17]

Package enumitem Warning: Negative labelwidth. This does not make much
(enumitem)                sense, on input line 1072.


Overfull \hbox (2.95291pt too wide) in paragraph at lines 1084--1085
[]\TU/lmr/m/n/10.53937 labelindent = 0.0pt, labelwidth = 27.47614pt, labelsep = 5.0pt, leftmargin = 32.47614pt,
 []


Overfull \hbox (13.6764pt too wide) in paragraph at lines 1102--1103
[]\TU/lmr/m/n/10.53937 labelindent = 30.0pt, labelwidth = 8.19963pt, labelsep = 5.0pt, leftmargin = 43.19963pt,
 []



[18]

Package enumitem Warning: Negative labelwidth. This does not make much
(enumitem)                sense, on input line 1133.


Package enumitem Warning: Negative labelwidth. This does not make much
(enumitem)                sense, on input line 1188.



[19]

[20]

[21]

[22]

[23]
Overfull \hbox (104.57753pt too wide) in paragraph at lines 1431--1432
[]
 []



[24]
Overfull \hbox (104.57753pt too wide) in paragraph at lines 1499--1500
[]
 []



[25]
Overfull \hbox (25.79355pt too wide) in paragraph at lines 1516--1516
[][]\TU/lmr/bx/n/10.53937 AAAAA 
 []


Overfull \hbox (25.79355pt too wide) in paragraph at lines 1520--1520
[]\TU/lmr/bx/n/10.53937 AAAAA 
 []


Overfull \hbox (9.1587pt too wide) in paragraph at lines 1524--1524
[]\TU/lmr/bx/n/10.53937 A 
 []


Overfull \hbox (6.06013pt too wide) in paragraph at lines 1524--1524
\TU/lmr/bx/n/10.53937 1  
 []



[26]

Package fontspec Info: 
(fontspec)             Could not resolve font "Microsoft YaHei Bold/I" (it
(fontspec)             probably doesn't exist).


Package fontspec Info: 
(fontspec)             Could not resolve font "Microsoft YaHei/I" (it probably
(fontspec)             doesn't exist).


Package fontspec Info: 
(fontspec)             Font family 'MicrosoftYaHei(0)' created for font
(fontspec)             'Microsoft YaHei' with options
(fontspec)             [Script={CJK},BoldFont={* Bold}].
(fontspec)              
(fontspec)              This font family consists of the following NFSS
(fontspec)             series/shapes:
(fontspec)              
(fontspec)             - 'normal' (m/n) with NFSS spec.: <->"Microsoft
(fontspec)             YaHei/OT:script=hani;language=dflt;"
(fontspec)             - 'bold' (b/n) with NFSS spec.: <->"Microsoft YaHei
(fontspec)             Bold/OT:script=hani;language=dflt;"
(fontspec)             - 'bold italic' (b/it) with NFSS spec.: <->"Microsoft
(fontspec)             YaHei/BI/OT:script=hani;language=dflt;"



[27]

Package enumitem Warning: itemjoin* discarded in mode unboxed
(enumitem)                 on input line 1649.



[28]

[29]
\c@mylisti=\count326
\c@mylistii=\count327
\enitdp@mylist=\count328
\c@mylist2ai=\count329
\enitdp@mylist2a=\count330
\c@mylist2bi=\count331
\enitdp@mylist2b=\count332
\c@mylist3ai=\count333
\c@mylist3aii=\count334
\enitdp@mylist3a=\count335
\c@mylist3bi=\count336
\c@mylist3bii=\count337
\enitdp@mylist3b=\count338


[30]
\c@mylist4i=\count339
\c@mylist4ii=\count340
\enitdp@mylist4=\count341

Underfull \hbox (badness 10000) in paragraph at lines 1913--1915
[]\TU/lmr/m/n/10.53937 topsep=8.0pt
 []


Underfull \hbox (badness 10000) in paragraph at lines 1915--1916
[]
 []


Overfull \hbox (1.04874pt too wide) in paragraph at lines 1915--1916
\TU/lmr/m/n/10.53937 topsep=4.0pt
 []


Underfull \hbox (badness 10000) in paragraph at lines 1915--1916
\TU/lmr/m/n/10.53937 plus 2.0pt
 []


Underfull \hbox (badness 10000) in paragraph at lines 1921--1923
[]\TU/lmr/bx/n/10.53937 topsep=8.0pt
 []


Underfull \hbox (badness 10000) in paragraph at lines 1921--1923
\TU/lmr/bx/n/10.53937 plus 2.0pt
 []


Underfull \hbox (badness 10000) in paragraph at lines 1923--1924
[]
 []


Overfull \hbox (10.42877pt too wide) in paragraph at lines 1923--1924
\TU/lmr/bx/n/10.53937 topsep=4.0pt
 []


Underfull \hbox (badness 6032) in paragraph at lines 1923--1924
\TU/lmr/bx/n/10.53937 plus 2.0pt
 []


Underfull \hbox (badness 10000) in paragraph at lines 1923--1924
\TU/lmr/bx/n/10.53937 minus
 []


Underfull \hbox (badness 10000) in paragraph at lines 1929--1931
[]\TU/lmr/bx/it/10.53937 topsep=8.0pt
 []


Underfull \hbox (badness 10000) in paragraph at lines 1929--1931
\TU/lmr/bx/it/10.53937 plus 2.0pt
 []


Underfull \hbox (badness 10000) in paragraph at lines 1931--1932
[]
 []


Overfull \hbox (8.81625pt too wide) in paragraph at lines 1931--1932
\TU/lmr/bx/it/10.53937 topsep=4.0pt
 []


Underfull \hbox (badness 6125) in paragraph at lines 1931--1932
\TU/lmr/bx/it/10.53937 plus 2.0pt
 []


Underfull \hbox (badness 10000) in paragraph at lines 1931--1932
\TU/lmr/bx/it/10.53937 minus
 []


Underfull \hbox (badness 10000) in paragraph at lines 1939--1940
[]
 []


Overfull \hbox (1.04874pt too wide) in paragraph at lines 1939--1940
\TU/lmr/m/n/10.53937 topsep=0.0pt 
 []


Underfull \hbox (badness 10000) in paragraph at lines 1946--1948
[]\TU/lmr/m/n/10.53937 topsep=8.0pt
 []


Underfull \hbox (badness 10000) in paragraph at lines 1948--1949
[]
 []


Overfull \hbox (1.04874pt too wide) in paragraph at lines 1948--1949
\TU/lmr/m/n/10.53937 topsep=4.0pt
 []


Underfull \hbox (badness 10000) in paragraph at lines 1948--1949
\TU/lmr/m/n/10.53937 plus 2.0pt
 []


Underfull \hbox (badness 10000) in paragraph at lines 1954--1956
[]\TU/lmr/bx/n/10.53937 topsep=8.0pt
 []


Underfull \hbox (badness 10000) in paragraph at lines 1954--1956
\TU/lmr/bx/n/10.53937 plus 2.0pt
 []


Underfull \hbox (badness 10000) in paragraph at lines 1956--1957
[]
 []


Overfull \hbox (10.42877pt too wide) in paragraph at lines 1956--1957
\TU/lmr/bx/n/10.53937 topsep=4.0pt
 []


Underfull \hbox (badness 6032) in paragraph at lines 1956--1957
\TU/lmr/bx/n/10.53937 plus 2.0pt
 []


Underfull \hbox (badness 10000) in paragraph at lines 1956--1957
\TU/lmr/bx/n/10.53937 minus
 []


Underfull \hbox (badness 10000) in paragraph at lines 1962--1964
[]\TU/lmr/bx/it/10.53937 topsep=8.0pt
 []


Underfull \hbox (badness 10000) in paragraph at lines 1962--1964
\TU/lmr/bx/it/10.53937 plus 2.0pt
 []


Underfull \hbox (badness 10000) in paragraph at lines 1964--1965
[]
 []


Overfull \hbox (8.81625pt too wide) in paragraph at lines 1964--1965
\TU/lmr/bx/it/10.53937 topsep=4.0pt
 []


Underfull \hbox (badness 6125) in paragraph at lines 1964--1965
\TU/lmr/bx/it/10.53937 plus 2.0pt
 []


Underfull \hbox (badness 10000) in paragraph at lines 1964--1965
\TU/lmr/bx/it/10.53937 minus
 []


Underfull \hbox (badness 10000) in paragraph at lines 1972--1973
[]
 []


Overfull \hbox (1.04874pt too wide) in paragraph at lines 1972--1973
\TU/lmr/m/n/10.53937 topsep=4.0pt
 []


Underfull \hbox (badness 10000) in paragraph at lines 1972--1973
\TU/lmr/m/n/10.53937 plus 2.0pt
 []


Underfull \hbox (badness 10000) in paragraph at lines 1979--1981
[]\TU/lmr/m/n/10.53937 topsep=8.0pt
 []


Underfull \hbox (badness 10000) in paragraph at lines 1981--1982
[]
 []


Overfull \hbox (1.04874pt too wide) in paragraph at lines 1981--1982
\TU/lmr/m/n/10.53937 topsep=4.0pt
 []


Underfull \hbox (badness 10000) in paragraph at lines 1981--1982
\TU/lmr/m/n/10.53937 plus 2.0pt
 []


Underfull \hbox (badness 10000) in paragraph at lines 1987--1989
[]\TU/lmr/m/n/10.53937 topsep=8.0pt
 []


Underfull \hbox (badness 10000) in paragraph at lines 1989--1990
[]
 []


Overfull \hbox (10.42877pt too wide) in paragraph at lines 1989--1990
\TU/lmr/bx/n/10.53937 topsep=4.0pt
 []


Underfull \hbox (badness 6032) in paragraph at lines 1989--1990
\TU/lmr/bx/n/10.53937 plus 2.0pt
 []


Underfull \hbox (badness 10000) in paragraph at lines 1989--1990
\TU/lmr/bx/n/10.53937 minus
 []


Underfull \hbox (badness 10000) in paragraph at lines 1995--1997
[]\TU/lmr/m/n/10.53937 topsep=8.0pt
 []


Underfull \hbox (badness 10000) in paragraph at lines 1997--1998
[]
 []


Overfull \hbox (8.81625pt too wide) in paragraph at lines 1997--1998
\TU/lmr/bx/it/10.53937 topsep=4.0pt
 []


Underfull \hbox (badness 6125) in paragraph at lines 1997--1998
\TU/lmr/bx/it/10.53937 plus 2.0pt
 []


Underfull \hbox (badness 10000) in paragraph at lines 1997--1998
\TU/lmr/bx/it/10.53937 minus
 []


Underfull \hbox (badness 10000) in paragraph at lines 2003--2005
[]\TU/lmr/m/n/10.53937 topsep=8.0pt
 []


Underfull \hbox (badness 10000) in paragraph at lines 2005--2006
[]
 []


Overfull \hbox (1.04874pt too wide) in paragraph at lines 2005--2006
\TU/lmr/m/n/10.53937 topsep=0.0pt 
 []



[31]

[32] (./Enumitem.aux)
 ***********
LaTeX2e <2024-06-01> patch level 2
L3 programming layer <2022/07/14>
 ***********
 ) 
Here is how much of TeX's memory you used:
 8519 strings out of 474235
 227093 string characters out of 5745819
 1933612 words of memory out of 5000000
 31087 multiletter control sequences out of 15000+600000
 560907 words of font info for 76 fonts, out of 8000000 for 9000
 1348 hyphenation exceptions out of 8191
 93i,10n,111p,736b,651s stack positions out of 10000i,1000n,20000p,200000b,200000s

Output written on Enumitem.pdf (32 pages).
