\BOOKMARK [1][-]{section.1}{\376\377\126\376\162\107\123\302\145\160}{}% 1
\BOOKMARK [2][-]{subsection.1.1}{\376\377\126\376\162\107\123\237\131\313\131\047\134\017}{section.1}% 2
\BOOKMARK [2][-]{subsection.1.2}{\376\377\000s\000c\000a\000l\000e\210\150\171\072\126\376\162\107\177\051\145\076\120\015\145\160\377\010\0000\000.\0003\120\015\000/\0000\000.\0005\120\015\000/\0000\000.\0007\120\015\377\011}{section.1}% 3
\BOOKMARK [2][-]{subsection.1.3}{\376\377\000w\000i\000d\000t\000h\210\150\171\072\126\376\162\107\133\275\136\246\377\010\0003\000c\000m\000/\0000\000.\0003\120\015\145\207\147\054\133\275\136\246\377\011}{section.1}% 4
\BOOKMARK [2][-]{subsection.1.4}{\376\377\000h\000e\000i\000g\000h\000t\210\150\171\072\126\376\162\107\232\330\136\246\377\010\0001\000c\000m\000/\0000\000.\0001\120\015\230\165\232\330\377\011}{section.1}% 5
\BOOKMARK [2][-]{subsection.1.5}{\376\377\000a\000n\000g\000l\000e\210\150\171\072\126\376\162\107\220\006\145\366\224\210\145\313\217\154\211\322\136\246\377\014\000o\000r\000i\000g\000i\000n\210\150\171\072\126\376\162\107\145\313\217\154\116\055\137\303\377\014\236\330\213\244\120\074\116\072\000l\377\010\135\346\377\011\377\014\123\357\116\345\213\276\177\156\116\072\000r\377\010\123\363\377\011\060\001\000c\377\010\116\055\377\011\060\001\000t\377\010\230\166\377\011\060\001\000b\377\010\136\225\377\011\060\001\000B\377\010\127\372\176\277\377\011}{section.1}% 6
\BOOKMARK [3][-]{subsubsection.1.5.1}{\376\377\176\325\135\346\117\247\116\055\137\303\220\006\145\366\224\210\145\313\217\154\0009\0000\136\246}{subsection.1.5}% 7
\BOOKMARK [3][-]{subsubsection.1.5.2}{\376\377\176\325\135\346\117\247\116\055\137\303\230\172\145\366\224\210\145\313\217\154\0009\0000\136\246}{subsection.1.5}% 8
\BOOKMARK [3][-]{subsubsection.1.5.3}{\376\377\176\325\123\363\117\247\116\055\137\303\220\006\145\366\224\210\145\313\217\154\0009\0000\136\246}{subsection.1.5}% 9
\BOOKMARK [3][-]{subsubsection.1.5.4}{\376\377\176\325\116\055\131\056\116\055\137\303\220\006\145\366\224\210\145\313\217\154\0009\0000\136\246}{subsection.1.5}% 10
\BOOKMARK [3][-]{subsubsection.1.5.5}{\376\377\176\325\116\055\137\303\230\166\172\357\116\055\137\303\220\006\145\366\224\210\145\313\217\154\0009\0000\136\246}{subsection.1.5}% 11
\BOOKMARK [3][-]{subsubsection.1.5.6}{\376\377\176\325\136\225\220\350\116\055\137\303\220\006\145\366\224\210\145\313\217\154\0009\0000\136\246}{subsection.1.5}% 12
\BOOKMARK [3][-]{subsubsection.1.5.7}{\376\377\176\325\127\372\176\277\116\055\137\303\220\006\145\366\224\210\145\313\217\154\0009\0000\136\246}{subsection.1.5}% 13
\BOOKMARK [2][-]{subsection.1.6}{\376\377\213\276\177\156\126\376\162\107\122\060\217\271\150\106\166\204\215\335\171\273\000\050\123\237\131\313\134\072\133\370\000/\0001\000c\000m\000\051}{section.1}% 14
\BOOKMARK [1][-]{section.2}{\376\377\127\050\145\207\147\054\116\055\143\322\121\145\126\376\162\107}{}% 15
\BOOKMARK [2][-]{subsection.2.1}{\376\377\116\015\117\177\165\050\155\156\122\250\117\123\163\257\130\203}{section.2}% 16
\BOOKMARK [2][-]{subsection.2.2}{\376\377\117\177\165\050\155\156\122\250\117\123\163\257\130\203}{section.2}% 17
\BOOKMARK [1][-]{section.3}{\376\377\126\376\145\207\155\367\143\222}{}% 18
\BOOKMARK [1][-]{section.4}{\376\377\136\166\143\222\143\322\121\145\126\376\162\107}{}% 19
\BOOKMARK [2][-]{subsection.4.1}{\376\377\136\166\143\222\143\322\121\145\121\161\116\253\150\007\230\230\166\204\126\376\162\107}{section.4}% 20
\BOOKMARK [2][-]{subsection.4.2}{\376\377\136\166\143\222\143\322\121\145\142\345\147\011\134\017\150\007\230\230\166\204\126\376\162\107}{section.4}% 21
\BOOKMARK [2][-]{subsection.4.3}{\376\377\136\166\143\222\143\322\121\145\142\345\147\011\133\120\177\026\123\367\166\204\126\376\162\107}{section.4}% 22
\BOOKMARK [3][-]{subsubsection.4.3.1}{\376\377\000s\000u\000b\000f\000i\000g\133\217\123\005}{subsection.4.3}% 23
\BOOKMARK [3][-]{subsubsection.4.3.2}{\376\377\000s\000u\000b\000c\000a\000p\000t\000i\000o\000n\133\217\123\005}{subsection.4.3}% 24
\BOOKMARK [2][-]{subsection.4.4}{\376\377\136\166\143\222\143\322\121\145\116\015\124\014\153\324\117\213\166\204\126\376\162\107}{section.4}% 25
\BOOKMARK [2][-]{subsection.4.5}{\376\377\176\323\213\272}{section.4}% 26
