\BOOKMARK [1][-]{section.1}{\376\377\000t\000a\000b\000u\000l\000a\000r\163\257\130\203\166\204\137\305\220\011\123\302\145\160\377\032\133\371\237\120\145\271\137\017}{}% 1
\BOOKMARK [2][-]{subsection.1.1}{\376\377\135\346\123\363\133\371\237\120\217\331\221\314\220\011\142\351\000`\000`\135\346\123\363\133\371\237\120\000'\000'\377\010\116\345\123\312\116\013\145\207\166\204\000`\000`\116\012\116\013\133\371\237\120\000'\000'\377\011\166\204\171\360\124\174\145\271\137\017\377\014\146\057\116\072\116\206\220\177\121\115\131\202\000`\000`\154\064\136\163\133\371\237\120\000'\000'\060\001\000`\000`\127\202\166\364\133\371\237\120\000'\000'\217\331\171\315\171\360\124\174\145\271\137\017\123\357\200\375\137\025\215\167\166\204\213\357\211\343\377\014\117\106\146\057\000`\000`\154\064\136\163\134\105\116\055\000'\000'\124\214\000`\000`\127\202\166\364\134\105\116\055\000'\000'\123\164\116\015\133\130\127\050\217\331\171\315\225\356\230\230\377\014\126\340\153\144\217\331\116\044\116\052\171\360\124\174\161\147\145\347\116\015\123\330\060\002}{section.1}% 2
\BOOKMARK [2][-]{subsection.1.2}{\376\377\116\012\116\013\133\371\237\120}{section.1}% 3
\BOOKMARK [2][-]{subsection.1.3}{\376\377\134\017\145\160\160\271\133\371\237\120}{section.1}% 4
\BOOKMARK [1][-]{section.2}{\376\377\000t\000a\000b\000u\000l\000a\000r\163\257\130\203\166\204\123\357\220\011\123\302\145\160}{}% 5
\BOOKMARK [2][-]{subsection.2.1}{\376\377\210\150\150\074\116\015\136\046\116\012\116\013\154\064\136\163\210\150\176\277\145\366}{section.2}% 6
\BOOKMARK [2][-]{subsection.2.2}{\376\377\210\150\150\074\136\046\116\012\116\013\154\064\136\163\210\150\176\277\145\366}{section.2}% 7
\BOOKMARK [1][-]{section.3}{\376\377\210\150\150\074\116\055\166\204\121\340\116\052\150\070\137\303\151\202\137\365}{}% 8
\BOOKMARK [2][-]{subsection.3.1}{\376\377\123\125\121\103\150\074\217\271\215\335}{section.3}% 9
\BOOKMARK [2][-]{subsection.3.2}{\376\377\135\346\133\371\237\120\060\001\154\064\136\163\134\105\116\055\133\371\237\120\124\214\123\363\133\371\237\120}{section.3}% 10
\BOOKMARK [2][-]{subsection.3.3}{\376\377\210\114\215\335}{section.3}% 11
\BOOKMARK [1][-]{section.4}{\376\377\000t\000a\000b\000u\000l\000a\000r\163\257\130\203\166\204\121\166\116\326\123\302\145\160}{}% 12
\BOOKMARK [2][-]{subsection.4.1}{\376\377\172\326\166\364\210\150\176\277\124\214\154\064\136\163\210\150\176\277}{section.4}% 13
\BOOKMARK [2][-]{subsection.4.2}{\376\377\213\276\177\156\210\150\150\074\133\275\136\246}{section.4}% 14
\BOOKMARK [1][-]{section.5}{\376\377\121\166\116\326\144\315\117\134}{}% 15
\BOOKMARK [2][-]{subsection.5.1}{\376\377\124\010\136\166\210\114\124\214\124\010\136\166\122\027}{section.5}% 16
\BOOKMARK [2][-]{subsection.5.2}{\376\377\116\072\124\014\116\000\122\027\213\276\177\156\176\337\116\000\166\204\150\074\137\017}{section.5}% 17
\BOOKMARK [2][-]{subsection.5.3}{\376\377\127\050\124\014\116\000\122\027\166\204\166\370\124\014\117\115\177\156\143\322\121\145\173\046\123\367}{section.5}% 18
\BOOKMARK [2][-]{subsection.5.4}{\376\377\116\072\210\150\150\074\116\055\166\204\123\125\213\315\213\276\177\156\201\352\122\250\143\142\210\114}{section.5}% 19
\BOOKMARK [2][-]{subsection.5.5}{\376\377\127\050\123\125\121\103\150\074\121\205\142\113\122\250\213\276\177\156\143\142\210\114}{section.5}% 20
\BOOKMARK [2][-]{subsection.5.6}{\376\377\122\006\122\162\210\150\131\064}{section.5}% 21
