This is XeTeX, Version 3.141592653-2.6-0.999994 (MiKTeX 22.12) (preloaded format=xelatex 2023.1.25)  27 JUN 2023 03:56
entering extended mode
 restricted \write18 enabled.
 %&-line parsing enabled.
**./modele.tex
(modele.tex
LaTeX2e <2022-11-01> patch level 1
L3 programming layer <2023-01-16>
(C:\Users\11510\AppData\Local\Programs\MiKTeX\tex/latex/koma-script\scrbook.cls
Document Class: scrbook 2022/10/12 v3.38 KOMA-Script document class (book)

(C:\Users\11510\AppData\Local\Programs\MiKTeX\tex/latex/koma-script\scrkbase.st
y
Package: scrkbase 2022/10/12 v3.38 KOMA-Script package (KOMA-Script-dependent b
asics and keyval usage)

(C:\Users\11510\AppData\Local\Programs\MiKTeX\tex/latex/koma-script\scrbase.sty
Package: scrbase 2022/10/12 v3.38 KOMA-Script package (KOMA-Script-independent 
basics and keyval usage)

(C:\Users\11510\AppData\Local\Programs\MiKTeX\tex/latex/koma-script\scrlfile.st
y
Package: scrlfile 2022/10/12 v3.38 KOMA-Script package (file load hooks)

(C:\Users\11510\AppData\Local\Programs\MiKTeX\tex/latex/koma-script\scrlfile-ho
ok.sty
Package: scrlfile-hook 2022/10/12 v3.38 KOMA-Script package (using LaTeX hooks)


(C:\Users\11510\AppData\Local\Programs\MiKTeX\tex/latex/koma-script\scrlogo.sty
Package: scrlogo 2022/10/12 v3.38 KOMA-Script package (logo)
))) (C:\Users\11510\AppData\Local\Programs\MiKTeX\tex/latex/graphics\keyval.sty
Package: keyval 2022/05/29 v1.15 key=value parser (DPC)
\KV@toks@=\toks16
)
Applying: [2021/05/01] Usage of raw or classic option list on input line 252.
Already applied: [0000/00/00] Usage of raw or classic option list on input line
 368.
))
(C:\Users\11510\AppData\Local\Programs\MiKTeX\tex/latex/koma-script\tocbasic.st
y
Package: tocbasic 2022/10/12 v3.38 KOMA-Script package (handling toc-files)
\scr@dte@tocline@numberwidth=\skip48
\scr@dte@tocline@numbox=\box51
)
Package tocbasic Info: omitting babel extension for `toc'
(tocbasic)             because of feature `nobabel' available
(tocbasic)             for `toc' on input line 137.
Class scrbook Info: File `scrsize11pt.clo' used instead of
(scrbook)           file `scrsize11.clo' to setup font sizes on input line 2617
.

(C:\Users\11510\AppData\Local\Programs\MiKTeX\tex/latex/koma-script\scrsize11pt
.clo
File: scrsize11pt.clo 2022/10/12 v3.38 KOMA-Script font size class option (11pt
)
)
(C:\Users\11510\AppData\Local\Programs\MiKTeX\tex/latex/koma-script\typearea.st
y
Package: typearea 2022/10/12 v3.38 KOMA-Script package (type area)
\ta@bcor=\skip49
\ta@div=\count181
\ta@hblk=\skip50
\ta@vblk=\skip51
\ta@temp=\skip52
\footheight=\skip53
Package typearea Info: These are the values describing the layout:
(typearea)             DIV  = 10
(typearea)             BCOR = 0.0pt
(typearea)             \paperwidth      = 597.50793pt
(typearea)              \textwidth      = 418.25555pt
(typearea)              DIV departure   = -6%
(typearea)              \evensidemargin = 47.2316pt
(typearea)              \oddsidemargin  = -12.5192pt
(typearea)             \paperheight     = 845.04694pt
(typearea)              \textheight     = 595.80026pt
(typearea)              \topmargin      = -25.16531pt
(typearea)              \headheight     = 17.0pt
(typearea)              \headsep        = 20.40001pt
(typearea)              \topskip        = 11.0pt
(typearea)              \footskip       = 47.6pt
(typearea)              \baselineskip   = 13.6pt
(typearea)              on input line 1767.
)
\c@part=\count182
\c@chapter=\count183
\c@section=\count184
\c@subsection=\count185
\c@subsubsection=\count186
\c@paragraph=\count187
\c@subparagraph=\count188
\scr@dte@chapter@maxnumwidth=\skip54
Class scrbook Info: using compatibility default `afterindent=bysign'
(scrbook)           for `\chapter on input line 5898.
\scr@dte@section@maxnumwidth=\skip55
Class scrbook Info: using compatibility default `runin=bysign'
(scrbook)           for `\section on input line 5909.
Class scrbook Info: using compatibility default `afterindent=bysign'
(scrbook)           for `\section on input line 5909.
\scr@dte@part@maxnumwidth=\skip56
Class scrbook Info: using compatibility default `afterindent=true'
(scrbook)           for `\part on input line 5918.
\scr@dte@subsection@maxnumwidth=\skip57
Class scrbook Info: using compatibility default `runin=bysign'
(scrbook)           for `\subsection on input line 5928.
Class scrbook Info: using compatibility default `afterindent=bysign'
(scrbook)           for `\subsection on input line 5928.
\scr@dte@subsubsection@maxnumwidth=\skip58
Class scrbook Info: using compatibility default `runin=bysign'
(scrbook)           for `\subsubsection on input line 5938.
Class scrbook Info: using compatibility default `afterindent=bysign'
(scrbook)           for `\subsubsection on input line 5938.
\scr@dte@paragraph@maxnumwidth=\skip59
Class scrbook Info: using compatibility default `runin=bysign'
(scrbook)           for `\paragraph on input line 5949.
Class scrbook Info: using compatibility default `afterindent=bysign'
(scrbook)           for `\paragraph on input line 5949.
\scr@dte@subparagraph@maxnumwidth=\skip60
Class scrbook Info: using compatibility default `runin=bysign'
(scrbook)           for `\subparagraph on input line 5959.
Class scrbook Info: using compatibility default `afterindent=bysign'
(scrbook)           for `\subparagraph on input line 5959.
\abovecaptionskip=\skip61
\belowcaptionskip=\skip62
\c@pti@nb@sid@b@x=\box52
Package tocbasic Info: omitting babel extension for `lof'
(tocbasic)             because of feature `nobabel' available
(tocbasic)             for `lof' on input line 7142.
\scr@dte@figure@maxnumwidth=\skip63
\c@figure=\count189
Package tocbasic Info: omitting babel extension for `lot'
(tocbasic)             because of feature `nobabel' available
(tocbasic)             for `lot' on input line 7159.
\scr@dte@table@maxnumwidth=\skip64
\c@table=\count190
Class scrbook Info: Redefining `\numberline' on input line 7330.
\bibindent=\dimen140
) (theseinalco.sty
Package: theseinalco 2020-05-03 v. 0.6 style de thèse pour l'INALCO
Package typearea Info: These are the values describing the layout:
(typearea)             DIV  = 10
(typearea)             BCOR = 0.0pt
(typearea)             \paperwidth      = 597.50793pt
(typearea)              \textwidth      = 418.25555pt
(typearea)              DIV departure   = -6%
(typearea)              \evensidemargin = 47.2316pt
(typearea)              \oddsidemargin  = -12.5192pt
(typearea)             \paperheight     = 845.04694pt
(typearea)              \textheight     = 595.80026pt
(typearea)              \topmargin      = -25.16531pt
(typearea)              \headheight     = 17.0pt
(typearea)              \headsep        = 20.40001pt
(typearea)              \topskip        = 11.0pt
(typearea)              \footskip       = 47.6pt
(typearea)              \baselineskip   = 13.6pt
(typearea)              on input line 35.
Package typearea Info: These are the values describing the layout:
(typearea)             DIV  = 10
(typearea)             BCOR = 22.76219pt
(typearea)             \paperwidth      = 597.50793pt
(typearea)              \textwidth      = 402.32205pt
(typearea)              DIV departure   = -2%
(typearea)              \evensidemargin = 42.67914pt
(typearea)              \oddsidemargin  = 7.96677pt
(typearea)             \paperheight     = 845.04694pt
(typearea)              \textheight     = 595.80026pt
(typearea)              \topmargin      = -25.16531pt
(typearea)              \headheight     = 17.0pt
(typearea)              \headsep        = 20.40001pt
(typearea)              \topskip        = 11.0pt
(typearea)              \footskip       = 47.6pt
(typearea)              \baselineskip   = 13.6pt
(typearea)              on input line 35.
Package typearea Info: These are the values describing the layout:
(typearea)             DIV  = 10
(typearea)             BCOR = 22.76219pt
(typearea)             \paperwidth      = 597.50793pt
(typearea)              \textwidth      = 402.32205pt
(typearea)              DIV departure   = -2%
(typearea)              \evensidemargin = 42.67914pt
(typearea)              \oddsidemargin  = 7.96677pt
(typearea)             \paperheight     = 845.04694pt
(typearea)              \textheight     = 595.80026pt
(typearea)              \topmargin      = -25.16531pt
(typearea)              \headheight     = 17.0pt
(typearea)              \headsep        = 20.40001pt
(typearea)              \topskip        = 11.0pt
(typearea)              \footskip       = 47.6pt
(typearea)              \baselineskip   = 13.6pt
(typearea)              on input line 35.

(C:\Users\11510\AppData\Local\Programs\MiKTeX\tex/latex/koma-script\scrhack.sty
Package: scrhack 2022/10/12 v3.38 KOMA-Script package (hacking other packages)
(C:\Users\11510\AppData\Local\Programs\MiKTeX\tex/latex/xpatch\xpatch.sty
(C:\Users\11510\AppData\Local\Programs\MiKTeX\tex/latex/l3kernel\expl3.sty
Package: expl3 2023-01-16 L3 programming layer (loader) 

(C:\Users\11510\AppData\Local\Programs\MiKTeX\tex/latex/l3backend\l3backend-xet
ex.def
File: l3backend-xetex.def 2023-01-16 L3 backend support: XeTeX
\g__graphics_track_int=\count191
\l__pdf_internal_box=\box53
\g__pdf_backend_object_int=\count192
\g__pdf_backend_annotation_int=\count193
\g__pdf_backend_link_int=\count194
))
Package: xpatch 2020/03/25 v0.3a Extending etoolbox patching commands

(C:\Users\11510\AppData\Local\Programs\MiKTeX\tex/latex/l3packages/xparse\xpars
e.sty
Package: xparse 2023-01-16 L3 Experimental document command parser
)
(C:\Users\11510\AppData\Local\Programs\MiKTeX\tex/latex/etoolbox\etoolbox.sty
Package: etoolbox 2020/10/05 v2.5k e-TeX tools for LaTeX (JAW)
\etb@tempcnta=\count195
))) (C:\Users\11510\AppData\Local\Programs\MiKTeX\tex/latex/setspace\setspace.s
ty
Package: setspace 2022/12/04 v6.7b set line spacing
)
Package scrhack Info: loading setspace hack on input line 43.

(C:\Users\11510\AppData\Local\Programs\MiKTeX\tex/latex/koma-script\setspace.ha
k
File: setspace.hak 2022/10/12 v3.38 KOMA-Script scrhack part (hacking package s
etspace)


Package scrhack Warning: unknown \onehalfspacing definition found!
(scrhack)                Maybe you are using a unsupported setpace version on i
nput line 96.


Package scrhack Warning: unknown \doublespacing definition found!
(scrhack)                Maybe you are using a unsupported setpace version on i
nput line 118.

)
Package scrkbase Info: You've told me to extend the font selection of the
(scrkbase)             element `pagehead' that is an alias of element
(scrkbase)             `pageheadfoot' on input line 82.
 (C:\Users\11510\AppData\Local\Programs\MiKTeX\tex/latex/enumitem\enumitem.sty
Package: enumitem 2019/06/20 v3.9 Customized lists
\labelindent=\skip65
\enit@outerparindent=\dimen141
\enit@toks=\toks17
\enit@inbox=\box54
\enit@count@id=\count196
\enitdp@description=\count197
) (C:\Users\11510\AppData\Local\Programs\MiKTeX\tex/latex/datatool\datatool.sty
Package: datatool 2019/09/27 v2.32 (NLCT)
(C:\Users\11510\AppData\Local\Programs\MiKTeX\tex/latex/xkeyval\xkeyval.sty
Package: xkeyval 2022/06/16 v2.9 package option processing (HA)

(C:\Users\11510\AppData\Local\Programs\MiKTeX\tex/generic/xkeyval\xkeyval.tex
(C:\Users\11510\AppData\Local\Programs\MiKTeX\tex/generic/xkeyval\xkvutils.tex
\XKV@toks=\toks18
\XKV@tempa@toks=\toks19
)
\XKV@depth=\count198
File: xkeyval.tex 2014/12/03 v2.7a key=value parser (HA)
)) (C:\Users\11510\AppData\Local\Programs\MiKTeX\tex/latex/base\ifthen.sty
Package: ifthen 2022/04/13 v1.1d Standard LaTeX ifthen package (DPC)
)
(C:\Users\11510\AppData\Local\Programs\MiKTeX\tex/latex/xfor\xfor.sty
Package: xfor 2009/02/05 v1.05 (NLCT)
)
(C:\Users\11510\AppData\Local\Programs\MiKTeX\tex/latex/substr\substr.sty
Package: substr 2009/10/20 v1.2 Handle substrings
\c@su@anzahl=\count199
)
(C:\Users\11510\AppData\Local\Programs\MiKTeX\tex/latex/datatool\datatool-base.
sty
Package: datatool-base 2019/09/27 v2.32 (NLCT)
 (C:\Users\11510\AppData\Local\Programs\MiKTeX\tex/latex/amsmath\amsmath.sty
Package: amsmath 2022/04/08 v2.17n AMS math features
\@mathmargin=\skip66
For additional information on amsmath, use the `?' option.
(C:\Users\11510\AppData\Local\Programs\MiKTeX\tex/latex/amsmath\amstext.sty
Package: amstext 2021/08/26 v2.01 AMS text

(C:\Users\11510\AppData\Local\Programs\MiKTeX\tex/latex/amsmath\amsgen.sty
File: amsgen.sty 1999/11/30 v2.0 generic functions
\@emptytoks=\toks20
\ex@=\dimen142
))
(C:\Users\11510\AppData\Local\Programs\MiKTeX\tex/latex/amsmath\amsbsy.sty
Package: amsbsy 1999/11/29 v1.2d Bold Symbols
\pmbraise@=\dimen143
)
(C:\Users\11510\AppData\Local\Programs\MiKTeX\tex/latex/amsmath\amsopn.sty
Package: amsopn 2022/04/08 v2.04 operator names
)
\inf@bad=\count266
LaTeX Info: Redefining \frac on input line 234.
\uproot@=\count267
\leftroot@=\count268
LaTeX Info: Redefining \overline on input line 399.
LaTeX Info: Redefining \colon on input line 410.
\classnum@=\count269
\DOTSCASE@=\count270
LaTeX Info: Redefining \ldots on input line 496.
LaTeX Info: Redefining \dots on input line 499.
LaTeX Info: Redefining \cdots on input line 620.
\Mathstrutbox@=\box55
\strutbox@=\box56
LaTeX Info: Redefining \big on input line 722.
LaTeX Info: Redefining \Big on input line 723.
LaTeX Info: Redefining \bigg on input line 724.
LaTeX Info: Redefining \Bigg on input line 725.
\big@size=\dimen144
LaTeX Font Info:    Redeclaring font encoding OML on input line 743.
LaTeX Font Info:    Redeclaring font encoding OMS on input line 744.
\macc@depth=\count271
LaTeX Info: Redefining \bmod on input line 905.
LaTeX Info: Redefining \pmod on input line 910.
LaTeX Info: Redefining \smash on input line 940.
LaTeX Info: Redefining \relbar on input line 970.
LaTeX Info: Redefining \Relbar on input line 971.
\c@MaxMatrixCols=\count272
\dotsspace@=\muskip16
\c@parentequation=\count273
\dspbrk@lvl=\count274
\tag@help=\toks21
\row@=\count275
\column@=\count276
\maxfields@=\count277
\andhelp@=\toks22
\eqnshift@=\dimen145
\alignsep@=\dimen146
\tagshift@=\dimen147
\tagwidth@=\dimen148
\totwidth@=\dimen149
\lineht@=\dimen150
\@envbody=\toks23
\multlinegap=\skip67
\multlinetaggap=\skip68
\mathdisplay@stack=\toks24
LaTeX Info: Redefining \[ on input line 2953.
LaTeX Info: Redefining \] on input line 2954.
)
(C:\Users\11510\AppData\Local\Programs\MiKTeX\tex/latex/datatool\datatool-fp.st
y
Package: datatool-fp 2019/09/27 v2.32 (NLCT)
 (C:\Users\11510\AppData\Local\Programs\MiKTeX\tex/latex/fp\fp.sty
Package: fp 1995/04/02

`Fixed Point Package', Version 0.8, April 2, 1995 (C) Michael Mehlich
(C:\Users\11510\AppData\Local\Programs\MiKTeX\tex/latex/fp\defpattern.sty
Package: defpattern 1994/10/12
\actioncount=\count278
)
(C:\Users\11510\AppData\Local\Programs\MiKTeX\tex/latex/fp\fp-basic.sty
Package: fp-basic 1996/05/13
\FP@xs=\count279
\FP@xia=\count280
\FP@xib=\count281
\FP@xfa=\count282
\FP@xfb=\count283
\FP@rega=\count284
\FP@regb=\count285
\FP@regs=\count286
\FP@times=\count287
)
(C:\Users\11510\AppData\Local\Programs\MiKTeX\tex/latex/fp\fp-addons.sty
Package: fp-addons 1995/03/15
)
(C:\Users\11510\AppData\Local\Programs\MiKTeX\tex/latex/fp\fp-snap.sty
Package: fp-snap 1995/04/05
)
(C:\Users\11510\AppData\Local\Programs\MiKTeX\tex/latex/fp\fp-exp.sty
Package: fp-exp 1995/04/03
)
(C:\Users\11510\AppData\Local\Programs\MiKTeX\tex/latex/fp\fp-trigo.sty
Package: fp-trigo 1995/04/14
)
(C:\Users\11510\AppData\Local\Programs\MiKTeX\tex/latex/fp\fp-pas.sty
Package: fp-pas 1994/08/29
)
(C:\Users\11510\AppData\Local\Programs\MiKTeX\tex/latex/fp\fp-random.sty
Package: fp-random 1995/02/23
\FPseed=\count288
)
(C:\Users\11510\AppData\Local\Programs\MiKTeX\tex/latex/fp\fp-eqn.sty
Package: fp-eqn 1995/04/03
)
(C:\Users\11510\AppData\Local\Programs\MiKTeX\tex/latex/fp\fp-upn.sty
Package: fp-upn 1996/10/21
)
(C:\Users\11510\AppData\Local\Programs\MiKTeX\tex/latex/fp\fp-eval.sty
Package: fp-eval 1995/04/03
)))
\@dtl@toks=\toks25
\@dtl@tmpcount=\count289
\dtl@tmplength=\skip69
\dtl@sortresult=\count290
\@dtl@numgrpsepcount=\count291
\@dtl@datatype=\count292
\dtl@codeA=\count293
\dtl@codeB=\count294
\@dtl@foreach@level=\count295
)
\dtlcolumnnum=\count296
\dtlrownum=\count297
\@dtl@before=\toks26
\@dtl@after=\toks27
\@dtl@colhead=\toks28
\dtlcurrentrow=\toks29
\dtlbeforerow=\toks30
\dtlafterrow=\toks31
\dtlforeachlevel=\count298
\c@DTLrowi=\count299
\c@DTLrowii=\count300
\c@DTLrowiii=\count301
\c@DTLrow=\count302
\dtl@rowi=\count303
\dtl@rowii=\count304
\dtl@rowiii=\count305
\@dtl@curi=\toks32
\@dtl@previ=\toks33
\@dtl@nexti=\toks34
\@dtl@curii=\toks35
\@dtl@previi=\toks36
\@dtl@nextii=\toks37
\@dtl@curiii=\toks38
\@dtl@previii=\toks39
\@dtl@nextiii=\toks40
\@dtl@elements=\count306
\@dtl@list=\toks41
\@dtl@rowa=\toks42
\@dtl@rowb=\toks43
\@dtl@toksA=\toks44
\@dtl@toksB=\toks45
\@dtl@write=\write3
\@dtl@read=\read2
\dtl@entrycr=\count307
\dtl@omitlines=\count308
)
\dtldb@ldirection=\toks46
\dtlkeys@ldirection=\toks47
\dtlrows@ldirection=\count309
\dtlcols@ldirection=\count310
\dtldb@lrapporteur=\toks48
\dtlkeys@lrapporteur=\toks49
\dtlrows@lrapporteur=\count311
\dtlcols@lrapporteur=\count312
\dtldb@ljury=\toks50
\dtlkeys@ljury=\toks51
\dtlrows@ljury=\count313
\dtlcols@ljury=\count314

(C:\Users\11510\AppData\Local\Programs\MiKTeX\tex/latex/graphics\graphicx.sty
Package: graphicx 2021/09/16 v1.2d Enhanced LaTeX Graphics (DPC,SPQR)

(C:\Users\11510\AppData\Local\Programs\MiKTeX\tex/latex/graphics\graphics.sty
Package: graphics 2022/03/10 v1.4e Standard LaTeX Graphics (DPC,SPQR)

(C:\Users\11510\AppData\Local\Programs\MiKTeX\tex/latex/graphics\trig.sty
Package: trig 2021/08/11 v1.11 sin cos tan (DPC)
)
(C:\Users\11510\AppData\Local\Programs\MiKTeX\tex/latex/graphics-cfg\graphics.c
fg
File: graphics.cfg 2016/06/04 v1.11 sample graphics configuration
)
Package graphics Info: Driver file: xetex.def on input line 107.

(C:\Users\11510\AppData\Local\Programs\MiKTeX\tex/latex/graphics-def\xetex.def
File: xetex.def 2022/09/22 v5.0n Graphics/color driver for xetex
))
\Gin@req@height=\dimen151
\Gin@req@width=\dimen152
)
(C:\Users\11510\AppData\Local\Programs\MiKTeX\tex/latex/tabulary\tabulary.sty
Package: tabulary 2014/06/11 v0.10 tabulary package (DPC)

(C:\Users\11510\AppData\Local\Programs\MiKTeX\tex/latex/tools\array.sty
Package: array 2022/03/10 v2.5f Tabular extension package (FMi)
\col@sep=\dimen153
\ar@mcellbox=\box57
\extrarowheight=\dimen154
\NC@list=\toks52
\extratabsurround=\skip70
\backup@length=\skip71
\ar@cellbox=\box58
)
\TY@count=\count315
\TY@linewidth=\dimen155
\tymin=\dimen156
\tymax=\dimen157
\TY@tablewidth=\dimen158
)
(C:\Users\11510\AppData\Local\Programs\MiKTeX\tex/generic/iftex\ifxetex.sty
Package: ifxetex 2019/10/25 v0.7 ifxetex legacy package. Use iftex instead.

(C:\Users\11510\AppData\Local\Programs\MiKTeX\tex/generic/iftex\iftex.sty
Package: iftex 2022/02/03 v1.0f TeX engine tests
)))
(C:\Users\11510\AppData\Local\Programs\MiKTeX\tex/latex/polyglossia\polyglossia
.sty
Package: polyglossia 2022/11/29 v1.59 Modern multilingual typesetting with XeLa
TeX and LuaLaTeX

(C:\Users\11510\AppData\Local\Programs\MiKTeX\tex/latex/makecmds\makecmds.sty
Package: makecmds 2009/09/03 v1.0a extra command making commands
)
(C:\Users\11510\AppData\Local\Programs\MiKTeX\tex/latex/fontspec\fontspec.sty
Package: fontspec 2022/01/15 v2.8a Font selection for XeLaTeX and LuaLaTeX

(C:\Users\11510\AppData\Local\Programs\MiKTeX\tex/latex/fontspec\fontspec-xetex
.sty
Package: fontspec-xetex 2022/01/15 v2.8a Font selection for XeLaTeX and LuaLaTe
X
\l__fontspec_script_int=\count316
\l__fontspec_language_int=\count317
\l__fontspec_strnum_int=\count318
\l__fontspec_tmp_int=\count319
\l__fontspec_tmpa_int=\count320
\l__fontspec_tmpb_int=\count321
\l__fontspec_tmpc_int=\count322
\l__fontspec_em_int=\count323
\l__fontspec_emdef_int=\count324
\l__fontspec_strong_int=\count325
\l__fontspec_strongdef_int=\count326
\l__fontspec_tmpa_dim=\dimen159
\l__fontspec_tmpb_dim=\dimen160
\l__fontspec_tmpc_dim=\dimen161
 (C:\Users\11510\AppData\Local\Programs\MiKTeX\tex/latex/base\fontenc.sty
Package: fontenc 2021/04/29 v2.0v Standard LaTeX package
)
(C:\Users\11510\AppData\Local\Programs\MiKTeX\tex/latex/fontspec\fontspec.cfg))
)
(C:\Users\11510\AppData\Local\Programs\MiKTeX\tex/latex/l3packages/l3keys2e\l3k
eys2e.sty
Package: l3keys2e 2023-01-16 LaTeX2e option processing using LaTeX3 keys
)
\xpg@normalclass=\XeTeXcharclass1

(C:\Users\11510\AppData\Local\Programs\MiKTeX\tex/latex/polyglossia\gloss-latex
.lde
Package: gloss-latex 2022/11/29 vv1.59 polyglossia: module for default language

The property list \polyglossia@langsetup contains the pairs (without outer
braces):
>  {latex/script}  =>  {latin}
>  {latex/lcscript}  =>  {latin}
>  {latex/scripttag}  =>  {}
>  {latex/language}  =>  {Latex}
>  {latex/langtag}  =>  {ENG}
>  {latex/bcp47}  =>  {}
>  {latex/hyphennames}  =>  {english}
>  {latex/direction}  =>  {LR}
>  {latex/hyphenmins}  =>  {2,3}
>  {latex/frenchspacing}  =>  {false}
>  {latex/indentfirst}  =>  {false}
>  {latex/fontsetup}  =>  {true}
>  {latex/envname}  =>  {latex}
>  {latex/babelname}  =>  {latex}
>  {latex/localnumeral}  =>  {polyglossia@C@localnumeral}
>  {latex/Localnumeral}  =>  {polyglossia@C@localnumeral}
>  {latex/DefineCommandsCmd}  =>  {use_none:n}.
)
Package polyglossia Info: Default language is latex.
)
(C:\Users\11510\AppData\Local\Programs\MiKTeX\tex/latex/polyglossia\gloss-frenc
h.ldf
File: gloss-french.ldf polyglossia: module for French
The property list \polyglossia@langsetup contains the pairs (without outer
braces):
>  {latex/script}  =>  {latin}
>  {latex/lcscript}  =>  {latin}
>  {latex/scripttag}  =>  {}
>  {latex/language}  =>  {Latex}
>  {latex/langtag}  =>  {ENG}
>  {latex/bcp47}  =>  {}
>  {latex/hyphennames}  =>  {english}
>  {latex/direction}  =>  {LR}
>  {latex/hyphenmins}  =>  {2,3}
>  {latex/frenchspacing}  =>  {false}
>  {latex/indentfirst}  =>  {false}
>  {latex/fontsetup}  =>  {true}
>  {latex/envname}  =>  {latex}
>  {latex/babelname}  =>  {latex}
>  {latex/localnumeral}  =>  {polyglossia@C@localnumeral}
>  {latex/Localnumeral}  =>  {polyglossia@C@localnumeral}
>  {latex/DefineCommandsCmd}  =>  {use_none:n}
>  {french/script}  =>  {Latin}
>  {french/lcscript}  =>  {latin}
>  {french/scripttag}  =>  {}
>  {french/language}  =>  {French}
>  {french/langtag}  =>  {FRA}
>  {french/bcp47}  =>  {fr-FR}
>  {french/hyphennames}  =>  {french,francais}
>  {french/direction}  =>  {LR}
>  {french/hyphenmins}  =>  {2,2}
>  {french/frenchspacing}  =>  {true}
>  {french/indentfirst}  =>  {true}
>  {french/fontsetup}  =>  {true}
>  {french/envname}  =>  {french}
>  {french/babelname}  =>  {french}
>  {french/localnumeral}  =>  {polyglossia@C@localnumeral}
>  {french/Localnumeral}  =>  {polyglossia@C@localnumeral}
>  {french/DefineCommandsCmd}  =>  {xpg_define_language_commands:e}.
\french@openbrackets=\XeTeXcharclass2
\french@closebrackets=\XeTeXcharclass3
\french@questionexclamation=\XeTeXcharclass4
\french@punctthin=\XeTeXcharclass5
\french@punctthick=\XeTeXcharclass6
\french@punctguillstart=\XeTeXcharclass7
\french@punctguillend=\XeTeXcharclass8
Package polyglossia Info: Option: French, variant=french.
)
Package polyglossia Info: Default language is french.

(C:\Users\11510\AppData\Local\Programs\MiKTeX\tex/latex/ebgaramond-maths\ebgara
mond-maths.sty
Package: ebgaramond-maths 2019/09/24 v1.2 ebgaramond-maths for use with EBGaram
ond

(C:\Users\11510\AppData\Local\Programs\MiKTeX\tex/latex/ebgaramond\ebgaramond.s
ty
Package: ebgaramond 2022/09/10 (Bob Tennent and autoinst) Style file for EB Gar
amond fonts.
 (C:\Users\11510\AppData\Local\Programs\MiKTeX\tex/generic/iftex\ifluatex.sty
Package: ifluatex 2019/10/25 v1.5 ifluatex legacy package. Use iftex instead.
) (C:\Users\11510\AppData\Local\Programs\MiKTeX\tex/latex/base\textcomp.sty
Package: textcomp 2020/02/02 v2.0n Standard LaTeX package
)

Package fontspec Info: Font family 'EBGaramond(0)' created for font
(fontspec)             'EBGaramond' with options [Ligatures = TeX,Scale =
(fontspec)             1,SmallCapsFeatures={},Extension =
(fontspec)             .otf,Ligatures=TeX,Numbers =
(fontspec)             {Proportional,OldStyle},UprightFont =
(fontspec)             *-Regular,ItalicFont = *-Italic,BoldFont =
(fontspec)             *-Bold,BoldItalicFont =
(fontspec)             *-BoldItalic,FontFace={m}{sw}{Font=*-Italic,Style=Swash}
,FontFace={b}{sw}{Font=*-BoldItalic,Style=Swash}].
(fontspec)              
(fontspec)              This font family consists of the following NFSS
(fontspec)             series/shapes:
(fontspec)              
(fontspec)             - 'swash' (m/sw) with NFSS spec.:
(fontspec)             <->s*[1]"[EBGaramond-Italic.otf]/OT:script=latn;language
=dflt;+pnum;+onum;+swsh;mapping=tex-text;"
(fontspec)             -  (m/scsw) with NFSS spec.:
(fontspec)             <->s*[1]"[EBGaramond-Italic.otf]/OT:script=latn;language
=dflt;+pnum;+onum;+swsh;+smcp;mapping=tex-text;"
(fontspec)             - 'bold swash' (b/sw) with NFSS spec.:
(fontspec)             <->s*[1]"[EBGaramond-BoldItalic.otf]/OT:script=latn;lang
uage=dflt;+pnum;+onum;+swsh;mapping=tex-text;"
(fontspec)             -  (b/scsw) with NFSS spec.:
(fontspec)             <->s*[1]"[EBGaramond-BoldItalic.otf]/OT:script=latn;lang
uage=dflt;+pnum;+onum;+swsh;+smcp;mapping=tex-text;"
(fontspec)             - 'normal' (m/n) with NFSS spec.:
(fontspec)             <->s*[1]"[EBGaramond-Regular.otf]/OT:script=latn;languag
e=dflt;+pnum;+onum;mapping=tex-text;"
(fontspec)             - 'small caps'  (m/sc) with NFSS spec.:
(fontspec)             <->s*[1]"[EBGaramond-Regular.otf]/OT:script=latn;languag
e=dflt;+pnum;+onum;+smcp;mapping=tex-text;"
(fontspec)             - 'bold' (b/n) with NFSS spec.:
(fontspec)             <->s*[1]"[EBGaramond-Bold.otf]/OT:script=latn;language=d
flt;+pnum;+onum;mapping=tex-text;"
(fontspec)             - 'bold small caps'  (b/sc) with NFSS spec.:
(fontspec)             <->s*[1]"[EBGaramond-Bold.otf]/OT:script=latn;language=d
flt;+pnum;+onum;+smcp;mapping=tex-text;"
(fontspec)             - 'italic' (m/it) with NFSS spec.:
(fontspec)             <->s*[1]"[EBGaramond-Italic.otf]/OT:script=latn;language
=dflt;+pnum;+onum;mapping=tex-text;"
(fontspec)             - 'italic small caps'  (m/scit) with NFSS spec.:
(fontspec)             <->s*[1]"[EBGaramond-Italic.otf]/OT:script=latn;language
=dflt;+pnum;+onum;+smcp;mapping=tex-text;"
(fontspec)             - 'bold italic' (b/it) with NFSS spec.:
(fontspec)             <->s*[1]"[EBGaramond-BoldItalic.otf]/OT:script=latn;lang
uage=dflt;+pnum;+onum;mapping=tex-text;"
(fontspec)             - 'bold italic small caps'  (b/scit) with NFSS spec.:
(fontspec)             <->s*[1]"[EBGaramond-BoldItalic.otf]/OT:script=latn;lang
uage=dflt;+pnum;+onum;+smcp;mapping=tex-text;"

LaTeX Font Info:    Font shape `TU/EBGaramond(0)/m/n' will be
(Font)              scaled to size 10.95pt on input line 123.

Package fontspec Info: Font family 'EBGaramond(1)' created for font
(fontspec)             'EBGaramond' with options [Ligatures = TeX,Scale =
(fontspec)             1,SmallCapsFeatures={},Extension = .otf,Numbers =
(fontspec)             {Proportional,OldStyle},UprightFont =
(fontspec)             *-Regular,ItalicFont = *-Italic,BoldFont =
(fontspec)             *-Bold,BoldItalicFont = *-BoldItalic].
(fontspec)              
(fontspec)              This font family consists of the following NFSS
(fontspec)             series/shapes:
(fontspec)              
(fontspec)             - 'normal' (m/n) with NFSS spec.:
(fontspec)             <->s*[1]"[EBGaramond-Regular.otf]/OT:script=latn;languag
e=dflt;+pnum;+onum;mapping=tex-text;"
(fontspec)             - 'small caps'  (m/sc) with NFSS spec.:
(fontspec)             <->s*[1]"[EBGaramond-Regular.otf]/OT:script=latn;languag
e=dflt;+pnum;+onum;+smcp;mapping=tex-text;"
(fontspec)             - 'bold' (b/n) with NFSS spec.:
(fontspec)             <->s*[1]"[EBGaramond-Bold.otf]/OT:script=latn;language=d
flt;+pnum;+onum;mapping=tex-text;"
(fontspec)             - 'bold small caps'  (b/sc) with NFSS spec.:
(fontspec)             <->s*[1]"[EBGaramond-Bold.otf]/OT:script=latn;language=d
flt;+pnum;+onum;+smcp;mapping=tex-text;"
(fontspec)             - 'italic' (m/it) with NFSS spec.:
(fontspec)             <->s*[1]"[EBGaramond-Italic.otf]/OT:script=latn;language
=dflt;+pnum;+onum;mapping=tex-text;"
(fontspec)             - 'italic small caps'  (m/scit) with NFSS spec.:
(fontspec)             <->s*[1]"[EBGaramond-Italic.otf]/OT:script=latn;language
=dflt;+pnum;+onum;+smcp;mapping=tex-text;"
(fontspec)             - 'bold italic' (b/it) with NFSS spec.:
(fontspec)             <->s*[1]"[EBGaramond-BoldItalic.otf]/OT:script=latn;lang
uage=dflt;+pnum;+onum;mapping=tex-text;"
(fontspec)             - 'bold italic small caps'  (b/scit) with NFSS spec.:
(fontspec)             <->s*[1]"[EBGaramond-BoldItalic.otf]/OT:script=latn;lang
uage=dflt;+pnum;+onum;+smcp;mapping=tex-text;"


Missing character: There is no   in font [EBGaramond-Initials.otf]/OT!
Missing character: There is no   in font [EBGaramond-Initials.otf]/OT!
Missing character: There is no   in font [EBGaramond-Initials.otf]/OT:language=
dflt;!

Package fontspec Info: Font family 'EBGaramond-Initials(0)' created for font
(fontspec)             'EBGaramond-Initials' with options [Ligatures =
(fontspec)             TeX,Scale = 1,SmallCapsFeatures={},Extension =
(fontspec)             .otf,BoldFont={},ItalicFont={},SmallCapsFont={}].
(fontspec)              
(fontspec)              This font family consists of the following NFSS
(fontspec)             series/shapes:
(fontspec)              
(fontspec)             - 'normal' (m/n) with NFSS spec.:
(fontspec)             <->s*[1]"[EBGaramond-Initials.otf]/OT:language=dflt;mapp
ing=tex-text;"
(fontspec)             - 'small caps'  (m/sc) with NFSS spec.: 

LaTeX Info: Redefining \oldstylenums on input line 134.
LaTeX Info: Redefining \liningnums on input line 135.
LaTeX Info: Redefining \textsw on input line 169.
)
LaTeX Font Info:    Redeclaring symbol font `letters' on input line 24.
LaTeX Font Info:    Overwriting symbol font `letters' in version `normal'
(Font)                  OML/cmm/m/it --> OML/EBGaramond-Maths/m/it on input lin
e 24.
LaTeX Font Info:    Overwriting symbol font `letters' in version `bold'
(Font)                  OML/cmm/b/it --> OML/EBGaramond-Maths/m/it on input lin
e 24.
LaTeX Font Info:    Redeclaring symbol font `operators' on input line 25.
LaTeX Font Info:    Overwriting symbol font `operators' in version `normal'
(Font)                  OT1/cmr/m/n --> OT1/EBGaramond-LF/m/n on input line 25.

LaTeX Font Info:    Overwriting symbol font `operators' in version `bold'
(Font)                  OT1/cmr/bx/n --> OT1/EBGaramond-LF/m/n on input line 25
.
LaTeX Font Info:    Overwriting symbol font `letters' in version `bold'
(Font)                  OML/EBGaramond-Maths/m/it --> OML/EBGaramond-Maths/b/it
 on input line 27.
LaTeX Font Info:    Overwriting symbol font `operators' in version `bold'
(Font)                  OT1/EBGaramond-LF/m/n --> OT1/EBGaramond-LF/bx/n on inp
ut line 28.
LaTeX Font Info:    Overwriting math alphabet `\mathbf' in version `normal'
(Font)                  OT1/cmr/bx/n --> OT1/EBGaramond-LF/bx/n on input line 3
3.
LaTeX Font Info:    Overwriting math alphabet `\mathbf' in version `bold'
(Font)                  OT1/cmr/bx/n --> OT1/EBGaramond-LF/bx/n on input line 3
4.
LaTeX Font Info:    Overwriting math alphabet `\mathit' in version `normal'
(Font)                  OT1/cmr/m/it --> OT1/EBGaramond-LF/m/it on input line 3
5.
LaTeX Font Info:    Overwriting math alphabet `\mathit' in version `bold'
(Font)                  OT1/cmr/bx/it --> OT1/EBGaramond-LF/bx/it on input line
 36.
LaTeX Font Info:    Redeclaring math alphabet \mathcal on input line 38.
)
(C:\Users\11510\AppData\Local\Programs\MiKTeX\tex/latex/blindtext\blindtext.sty
Package: blindtext 2012/01/06 V2.0 blindtext-Package
(C:\Users\11510\AppData\Local\Programs\MiKTeX\tex/latex/tools\xspace.sty
Package: xspace 2014/10/28 v1.13 Space after command names (DPC,MH)
)
\c@blindtext=\count327
\c@Blindtext=\count328
\c@blind@countparstart=\count329
\blind@countxx=\count330
\blindtext@numBlindtext=\count331
\blind@countyy=\count332
\c@blindlist=\count333
\c@blindlistlevel=\count334
\c@blindlist@level=\count335
\blind@listitem=\count336
\c@blind@listcount=\count337
\c@blind@levelcount=\count338
\blind@mathformula=\count339
\blind@Mathformula=\count340
\c@blind@randomcount=\count341
\c@blind@randommax=\count342
\c@blind@pangramcount=\count343
\c@blind@pangrammax=\count344
)
(C:\Users\11510\AppData\Local\Programs\MiKTeX\tex/latex/impnattypo\impnattypo.s
ty
Package: impnattypo 2019/03/04 1.5 Typographic utilities inspired by the French
 Imprimerie Nationale
Package: impnattypo 

(C:\Users\11510\AppData\Local\Programs\MiKTeX\tex/latex/kvoptions\kvoptions.sty
Package: kvoptions 2022-06-15 v3.15 Key value format for package options (HO)
(C:\Users\11510\AppData\Local\Programs\MiKTeX\tex/generic/ltxcmds\ltxcmds.sty
Package: ltxcmds 2020-05-10 v1.25 LaTeX kernel commands for general use (HO)
)
(C:\Users\11510\AppData\Local\Programs\MiKTeX\tex/latex/kvsetkeys\kvsetkeys.sty
Package: kvsetkeys 2022-10-05 v1.19 Key value parser (HO)
)) (C:\Users\11510\AppData\Local\Programs\MiKTeX\tex/latex/xcolor\xcolor.sty
Package: xcolor 2022/06/12 v2.14 LaTeX color extensions (UK)

(C:\Users\11510\AppData\Local\Programs\MiKTeX\tex/latex/graphics-cfg\color.cfg
File: color.cfg 2016/01/02 v1.6 sample color configuration
)
Package xcolor Info: Driver file: xetex.def on input line 227.
(C:\Users\11510\AppData\Local\Programs\MiKTeX\tex/latex/graphics\mathcolor.ltx)
Package xcolor Info: Model `cmy' substituted by `cmy0' on input line 1353.
Package xcolor Info: Model `RGB' extended on input line 1369.
Package xcolor Info: Model `HTML' substituted by `rgb' on input line 1371.
Package xcolor Info: Model `Hsb' substituted by `hsb' on input line 1372.
Package xcolor Info: Model `tHsb' substituted by `hsb' on input line 1373.
Package xcolor Info: Model `HSB' substituted by `hsb' on input line 1374.
Package xcolor Info: Model `Gray' substituted by `gray' on input line 1375.
Package xcolor Info: Model `wave' substituted by `hsb' on input line 1376.
)) (modele.aux
LaTeX Info: Redefining \rmfamily on input line 4.
LaTeX Info: Redefining \sffamily on input line 4.
LaTeX Info: Redefining \ttfamily on input line 4.
)
\openout1 = `modele.aux'.

LaTeX Font Info:    Checking defaults for OML/EBGaramond-Maths/m/it on input li
ne 43.
LaTeX Font Info:    Trying to load font information for OML+EBGaramond-Maths on
 input line 43.

(C:\Users\11510\AppData\Local\Programs\MiKTeX\tex/latex/ebgaramond-maths\omlebg
aramond-maths.fd
File: OMLEBGaramond-Maths.fd 2019/09/24 font definitions for OML/EBGaramond-Mat
hs.
)
LaTeX Font Info:    ... okay on input line 43.
LaTeX Font Info:    Checking defaults for OMS/cmsy/m/n on input line 43.
LaTeX Font Info:    ... okay on input line 43.
LaTeX Font Info:    Checking defaults for OT1/EBGaramond-LF/m/n on input line 4
3.
LaTeX Font Info:    Trying to load font information for OT1+EBGaramond-LF on in
put line 43.

(C:\Users\11510\AppData\Local\Programs\MiKTeX\tex/latex/ebgaramond\ot1ebgaramon
d-lf.fd
File: OT1EBGaramond-LF.fd 2023/03/19 (autoinst) Font definitions for OT1/EBGara
mond-LF.
)
LaTeX Font Info:    ... okay on input line 43.
LaTeX Font Info:    Checking defaults for T1/cmr/m/n on input line 43.
LaTeX Font Info:    ... okay on input line 43.
LaTeX Font Info:    Checking defaults for TS1/cmr/m/n on input line 43.
LaTeX Font Info:    Trying to load font information for TS1+cmr on input line 4
3.
 (C:\Users\11510\AppData\Local\Programs\MiKTeX\tex/latex/base\ts1cmr.fd
File: ts1cmr.fd 2022/07/10 v2.5l Standard LaTeX font definitions
)
LaTeX Font Info:    ... okay on input line 43.
LaTeX Font Info:    Checking defaults for TU/lmr/m/n on input line 43.
LaTeX Font Info:    ... okay on input line 43.
LaTeX Font Info:    Checking defaults for OMX/cmex/m/n on input line 43.
LaTeX Font Info:    ... okay on input line 43.
LaTeX Font Info:    Checking defaults for U/cmr/m/n on input line 43.
LaTeX Font Info:    ... okay on input line 43.
Package scrbase Info: activating french \partname on input line 43.
Package scrbase Info: activating french \chaptername on input line 43.
Package scrbase Info: activating french \appendixname on input line 43.
Package scrbase Info: activating french \figurename on input line 43.
Package scrbase Info: activating french \tablename on input line 43.
Package scrbase Info: activating french \contentsname on input line 43.
Package scrbase Info: activating french \listfigurename on input line 43.
Package scrbase Info: activating french \listtablename on input line 43.
Package scrbase Info: activating french \bibname on input line 43.
Package scrbase Info: activating french \indexname on input line 43.

Package fontspec Info: Adjusting the maths setup (use [no-math] to avoid
(fontspec)             this).

\symlegacymaths=\mathgroup4
LaTeX Font Info:    Overwriting symbol font `legacymaths' in version `bold'
(Font)                  OT1/cmr/m/n --> OT1/cmr/bx/n on input line 43.
LaTeX Font Info:    Redeclaring math accent \acute on input line 43.
LaTeX Font Info:    Redeclaring math accent \grave on input line 43.
LaTeX Font Info:    Redeclaring math accent \ddot on input line 43.
LaTeX Font Info:    Redeclaring math accent \tilde on input line 43.
LaTeX Font Info:    Redeclaring math accent \bar on input line 43.
LaTeX Font Info:    Redeclaring math accent \breve on input line 43.
LaTeX Font Info:    Redeclaring math accent \check on input line 43.
LaTeX Font Info:    Redeclaring math accent \hat on input line 43.
LaTeX Font Info:    Redeclaring math accent \dot on input line 43.
LaTeX Font Info:    Redeclaring math accent \mathring on input line 43.
LaTeX Font Info:    Redeclaring math symbol \Gamma on input line 43.
LaTeX Font Info:    Redeclaring math symbol \Delta on input line 43.
LaTeX Font Info:    Redeclaring math symbol \Theta on input line 43.
LaTeX Font Info:    Redeclaring math symbol \Lambda on input line 43.
LaTeX Font Info:    Redeclaring math symbol \Xi on input line 43.
LaTeX Font Info:    Redeclaring math symbol \Pi on input line 43.
LaTeX Font Info:    Redeclaring math symbol \Sigma on input line 43.
LaTeX Font Info:    Redeclaring math symbol \Upsilon on input line 43.
LaTeX Font Info:    Redeclaring math symbol \Phi on input line 43.
LaTeX Font Info:    Redeclaring math symbol \Psi on input line 43.
LaTeX Font Info:    Redeclaring math symbol \Omega on input line 43.
LaTeX Font Info:    Redeclaring math symbol \mathdollar on input line 43.
LaTeX Font Info:    Redeclaring symbol font `operators' on input line 43.
LaTeX Font Info:    Encoding `OT1' has changed to `TU' for symbol font
(Font)              `operators' in the math version `normal' on input line 43.
LaTeX Font Info:    Overwriting symbol font `operators' in version `normal'
(Font)                  OT1/EBGaramond-LF/m/n --> TU/EBGaramond(0)/m/n on input
 line 43.
LaTeX Font Info:    Encoding `OT1' has changed to `TU' for symbol font
(Font)              `operators' in the math version `bold' on input line 43.
LaTeX Font Info:    Overwriting symbol font `operators' in version `bold'
(Font)                  OT1/EBGaramond-LF/bx/n --> TU/EBGaramond(0)/m/n on inpu
t line 43.
LaTeX Font Info:    Overwriting symbol font `operators' in version `normal'
(Font)                  TU/EBGaramond(0)/m/n --> TU/EBGaramond(0)/m/n on input 
line 43.
LaTeX Font Info:    Overwriting math alphabet `\mathit' in version `normal'
(Font)                  OT1/EBGaramond-LF/m/it --> TU/EBGaramond(0)/m/it on inp
ut line 43.
LaTeX Font Info:    Overwriting math alphabet `\mathbf' in version `normal'
(Font)                  OT1/EBGaramond-LF/bx/n --> TU/EBGaramond(0)/b/n on inpu
t line 43.
LaTeX Font Info:    Overwriting math alphabet `\mathsf' in version `normal'
(Font)                  OT1/cmss/m/n --> TU/lmss/m/n on input line 43.
LaTeX Font Info:    Overwriting math alphabet `\mathtt' in version `normal'
(Font)                  OT1/cmtt/m/n --> TU/lmtt/m/n on input line 43.
LaTeX Font Info:    Overwriting symbol font `operators' in version `bold'
(Font)                  TU/EBGaramond(0)/m/n --> TU/EBGaramond(0)/b/n on input 
line 43.
LaTeX Font Info:    Overwriting math alphabet `\mathit' in version `bold'
(Font)                  OT1/EBGaramond-LF/bx/it --> TU/EBGaramond(0)/b/it on in
put line 43.
LaTeX Font Info:    Overwriting math alphabet `\mathsf' in version `bold'
(Font)                  OT1/cmss/bx/n --> TU/lmss/b/n on input line 43.
LaTeX Font Info:    Overwriting math alphabet `\mathtt' in version `bold'
(Font)                  OT1/cmtt/m/n --> TU/lmtt/b/n on input line 43.
The property list \__xpg_alias contains the pairs (without outer braces):
>  {latex/target}  =>  {latex}
>  {french/target}  =>  {french}
>  {fr/target}  =>  {french}
>  {fr-FR/target}  =>  {french}
>  {fr-FR/variant}  =>  {french}
>  {fr-FR/options}  =>  {variant=french}
>  {fr-CA/target}  =>  {french}
>  {fr-CA/variant}  =>  {canadian}
>  {fr-CA/options}  =>  {variant=canadian}
>  {fr-CH/target}  =>  {french}
>  {fr-CH/variant}  =>  {swiss}
>  {fr-CH/options}  =>  {variant=swiss}
>  {acadien/target}  =>  {french}
>  {acadien/variant}  =>  {acadian}
>  {acadien/options}  =>  {variant=acadian}
>  {canadien/target}  =>  {french}
>  {canadien/variant}  =>  {canadian}
>  {canadien/options}  =>  {variant=canadian}.
LaTeX Info: Redefining \rmfamily on input line 43.
LaTeX Info: Redefining \sffamily on input line 43.
LaTeX Info: Redefining \ttfamily on input line 43.
File: inalco-logo-color.pdf Graphic file (type pdf)
<use inalco-logo-color.pdf>
LaTeX Font Info:    Font shape `TU/EBGaramond(0)/m/sc' will be
(Font)              scaled to size 10.95pt on input line 44.
LaTeX Font Info:    Font shape `TU/EBGaramond(0)/m/n' will be
(Font)              scaled to size 8.0pt on input line 44.
LaTeX Font Info:    Font shape `TU/EBGaramond(0)/m/n' will be
(Font)              scaled to size 6.0pt on input line 44.
LaTeX Font Info:    Font shape `TU/EBGaramond(0)/m/it' will be
(Font)              scaled to size 10.95pt on input line 44.
LaTeX Font Info:    Font shape `TU/EBGaramond(0)/m/n' will be
(Font)              scaled to size 17.28pt on input line 44.
LaTeX Font Info:    Font shape `TU/EBGaramond(0)/m/sc' will be
(Font)              scaled to size 17.28pt on input line 44.
LaTeX Font Info:    Font shape `TU/EBGaramond(0)/m/n' will be
(Font)              scaled to size 20.74pt on input line 44.
LaTeX Font Info:    Font shape `TU/EBGaramond(0)/m/n' will be
(Font)              scaled to size 24.88pt on input line 44.
 [1



] [2


]
chapter without number
LaTeX Font Info:    Font shape `TU/EBGaramond(0)/bx/n' in size <10.95> not avai
lable
(Font)              Font shape `TU/EBGaramond(0)/b/n' tried instead on input li
ne 47.
LaTeX Font Info:    Font shape `TU/EBGaramond(0)/b/n' will be
(Font)              scaled to size 10.95pt on input line 47.
LaTeX Font Info:    Font shape `TU/EBGaramond(0)/bx/n' in size <20.74> not avai
lable
(Font)              Font shape `TU/EBGaramond(0)/b/n' tried instead on input li
ne 47.
LaTeX Font Info:    Font shape `TU/EBGaramond(0)/b/n' will be
(Font)              scaled to size 20.74pt on input line 47.
[1




] [2


]
chapter without number
[3] [4


]
part I.
Package scrkbase Info: You've told me to use the font selection of the element
(scrkbase)             `partprefix' that is an alias of element `partnumber'
(scrkbase)              on input line 57.
LaTeX Font Info:    Font shape `TU/EBGaramond(0)/bx/n' in size <24.88> not avai
lable
(Font)              Font shape `TU/EBGaramond(0)/b/n' tried instead on input li
ne 57.
LaTeX Font Info:    Font shape `TU/EBGaramond(0)/b/n' will be
(Font)              scaled to size 24.88pt on input line 57.
[1


] [2]
chapter 1.
LaTeX Font Info:    Font shape `TU/EBGaramond(0)/bx/n' in size <14.4> not avail
able
(Font)              Font shape `TU/EBGaramond(0)/b/n' tried instead on input li
ne 58.
LaTeX Font Info:    Font shape `TU/EBGaramond(0)/b/n' will be
(Font)              scaled to size 14.4pt on input line 58.
LaTeX Font Info:    Font shape `TU/EBGaramond(0)/bx/n' in size <12> not availab
le
(Font)              Font shape `TU/EBGaramond(0)/b/n' tried instead on input li
ne 58.
LaTeX Font Info:    Font shape `TU/EBGaramond(0)/b/n' will be
(Font)              scaled to size 12.0pt on input line 58.
LaTeX Font Info:    Font shape `TU/EBGaramond(0)/bx/it' in size <12> not availa
ble
(Font)              Font shape `TU/EBGaramond(0)/b/it' tried instead on input l
ine 58.
LaTeX Font Info:    Font shape `TU/EBGaramond(0)/b/it' will be
(Font)              scaled to size 12.0pt on input line 58.
[3


]
LaTeX Font Info:    Font shape `TU/EBGaramond(0)/m/sl' in size <10.95> not avai
lable
(Font)              Font shape `TU/EBGaramond(0)/m/it' tried instead on input l
ine 58.
LaTeX Font Info:    Font shape `TU/EBGaramond(0)/m/it' will be
(Font)              scaled to size 10.95pt on input line 58.
LaTeX Font Info:    Font shape `TU/EBGaramond(0)/m/sl' in size <10> not availab
le
(Font)              Font shape `TU/EBGaramond(0)/m/it' tried instead on input l
ine 58.
LaTeX Font Info:    Font shape `TU/EBGaramond(0)/m/it' will be
(Font)              scaled to size 10.0pt on input line 58.
 [4]
LaTeX Font Info:    Font shape `TU/EBGaramond(0)/m/n' will be
(Font)              scaled to size 14.23502pt on input line 58.
 [5] [6]
chapter 2.
[7


] [8] [9] [10]
part II.
Package scrkbase Info: You've told me to use the font selection of the element
(scrkbase)             `partprefix' that is an alias of element `partnumber'
(scrkbase)              on input line 68.
[11


] [12]
chapter 3.
[13


] [14] [15] [16]
chapter 4.
[17


] [18] [19] [20]
chapter A.
[21


] [22] [23] [24] (modele.toc
LaTeX Info: Redefining \rmfamily on input line 1.
LaTeX Info: Redefining \sffamily on input line 1.
LaTeX Info: Redefining \ttfamily on input line 1.
LaTeX Font Info:    Font shape `TU/EBGaramond(0)/bx/sc' in size <10.95> not ava
ilable
(Font)              Font shape `TU/EBGaramond(0)/b/n' tried instead on input li
ne 5.
LaTeX Font Info:    Font shape `TU/EBGaramond(0)/b/n' will be
(Font)              scaled to size 10.95pt on input line 5.
 [25




])
\tf@toc=\write4
\openout4 = `modele.toc'.

 [26] [27


]

Package typearea Warning: \typearea used at group level 2.
(typearea)                Using \typearea inside any group, e.g.
(typearea)                environments, math mode, boxes, etc. may result in
(typearea)                many type setting problems.
(typearea)                You should move the command \typearea
(typearea)                outside all groups on input line 79.

Package typearea Info: These are the values describing the layout:
(typearea)             DIV  = 10
(typearea)             BCOR = 22.76219pt
(typearea)             \paperwidth      = 597.50793pt
(typearea)              \textwidth      = 402.32205pt
(typearea)              DIV departure   = -15%
(typearea)              \evensidemargin = 36.70404pt
(typearea)              \oddsidemargin  = 36.70404pt
(typearea)             \paperheight     = 845.04694pt
(typearea)              \textheight     = 595.80026pt
(typearea)              \topmargin      = -25.16531pt
(typearea)              \headheight     = 17.0pt
(typearea)              \headsep        = 20.40001pt
(typearea)              \topskip        = 11.0pt
(typearea)              \footskip       = 47.6pt
(typearea)              \baselineskip   = 13.6pt
(typearea)              on input line 79.
Package typearea Info: Using dirty hack to recalculate internal output
(typearea)             dimensions of LaTeX on input line 79.

Package typearea Warning: \typearea used at group level 2.
(typearea)                Using \typearea inside any group, e.g.
(typearea)                environments, math mode, boxes, etc. may result in
(typearea)                many type setting problems.
(typearea)                You should move the command \typearea
(typearea)                outside all groups on input line 79.


Package typearea Warning: Bad type area settings!
(typearea)                The detected line width is about 20%
(typearea)                larger than the heuristically estimated maximum
(typearea)                limit of typographical good line width.
(typearea)                You should e.g. decrease DIV, increase fontsize
(typearea)                or change papersize.

Package typearea Info: These are the values describing the layout:
(typearea)             DIV  = 10
(typearea)             BCOR = 0.0pt
(typearea)             \paperwidth      = 597.50793pt
(typearea)              \textwidth      = 418.25555pt
(typearea)              DIV departure   = -20%
(typearea)              \evensidemargin = 17.3562pt
(typearea)              \oddsidemargin  = 17.3562pt
(typearea)             \paperheight     = 845.04694pt
(typearea)              \textheight     = 595.80026pt
(typearea)              \topmargin      = -25.16531pt
(typearea)              \headheight     = 17.0pt
(typearea)              \headsep        = 20.40001pt
(typearea)              \topskip        = 11.0pt
(typearea)              \footskip       = 47.6pt
(typearea)              \baselineskip   = 13.6pt
(typearea)              on input line 79.
Package typearea Info: Using dirty hack to recalculate internal output
(typearea)             dimensions of LaTeX on input line 79.
File: inalco-logo-color.pdf Graphic file (type pdf)
<use inalco-logo-color.pdf>
LaTeX Font Info:    Font shape `TU/EBGaramond(0)/m/n' will be
(Font)              scaled to size 12.0pt on input line 79.
LaTeX Font Info:    Font shape `TU/EBGaramond(0)/m/n' will be
(Font)              scaled to size 14.4pt on input line 79.
[28



]
The property list \polyglossia@langsetup contains the pairs (without outer
braces):
>  {latex/script}  =>  {latin}
>  {latex/lcscript}  =>  {latin}
>  {latex/scripttag}  =>  {}
>  {latex/language}  =>  {Latex}
>  {latex/langtag}  =>  {ENG}
>  {latex/bcp47}  =>  {}
>  {latex/hyphennames}  =>  {english}
>  {latex/direction}  =>  {LR}
>  {latex/hyphenmins}  =>  {2,3}
>  {latex/frenchspacing}  =>  {false}
>  {latex/indentfirst}  =>  {false}
>  {latex/fontsetup}  =>  {true}
>  {latex/envname}  =>  {latex}
>  {latex/babelname}  =>  {latex}
>  {latex/localnumeral}  =>  {polyglossia@C@localnumeral}
>  {latex/Localnumeral}  =>  {polyglossia@C@localnumeral}
>  {latex/DefineCommandsCmd}  =>  {use_none:n}
>  {french/script}  =>  {Latin}
>  {french/lcscript}  =>  {latin}
>  {french/scripttag}  =>  {}
>  {french/language}  =>  {French}
>  {french/langtag}  =>  {FRA}
>  {french/bcp47}  =>  {fr-FR}
>  {french/hyphennames}  =>  {french,francais}
>  {french/direction}  =>  {LR}
>  {french/hyphenmins}  =>  {2,2}
>  {french/frenchspacing}  =>  {true}
>  {french/indentfirst}  =>  {true}
>  {french/fontsetup}  =>  {true}
>  {french/envname}  =>  {french}
>  {french/babelname}  =>  {french}
>  {french/localnumeral}  =>  {polyglossia@C@localnumeral}
>  {french/Localnumeral}  =>  {polyglossia@C@localnumeral}
>  {french/DefineCommandsCmd}  =>  {xpg_define_language_commands:e}.
The property list \__xpg_alias contains the pairs (without outer braces):
>  {latex/target}  =>  {latex}
>  {french/target}  =>  {french}
>  {fr/target}  =>  {french}
>  {fr-FR/target}  =>  {french}
>  {fr-FR/variant}  =>  {french}
>  {fr-FR/options}  =>  {variant=french}
>  {fr-CA/target}  =>  {french}
>  {fr-CA/variant}  =>  {canadian}
>  {fr-CA/options}  =>  {variant=canadian}
>  {fr-CH/target}  =>  {french}
>  {fr-CH/variant}  =>  {swiss}
>  {fr-CH/options}  =>  {variant=swiss}
>  {acadien/target}  =>  {french}
>  {acadien/variant}  =>  {acadian}
>  {acadien/options}  =>  {variant=acadian}
>  {canadien/target}  =>  {french}
>  {canadien/variant}  =>  {canadian}
>  {canadien/options}  =>  {variant=canadian}.
 (modele.aux
LaTeX Info: Redefining \rmfamily on input line 4.
LaTeX Info: Redefining \sffamily on input line 4.
LaTeX Info: Redefining \ttfamily on input line 4.
) ) 
Here is how much of TeX's memory you used:
 13270 strings out of 411564
 301968 string characters out of 2820141
 1854985 words of memory out of 3000000
 33204 multiletter control sequences out of 15000+600000
 515794 words of font info for 76 fonts, out of 8000000 for 9000
 1348 hyphenation exceptions out of 8191
 110i,10n,128p,10627b,508s stack positions out of 10000i,1000n,20000p,200000b,80000s

Output written on modele.pdf (34 pages).
